
AVRASM ver. 2.1.30  C:\Users\George\Desktop\Proiect2AVR\Debug\List\Proiect2AVR.asm Wed May 17 17:06:42 2023

C:\Users\George\Desktop\Proiect2AVR\Debug\List\Proiect2AVR.asm(1097): warning: Register r4 already defined by the .DEF directive
C:\Users\George\Desktop\Proiect2AVR\Debug\List\Proiect2AVR.asm(1098): warning: Register r3 already defined by the .DEF directive
C:\Users\George\Desktop\Proiect2AVR\Debug\List\Proiect2AVR.asm(1099): warning: Register r6 already defined by the .DEF directive
C:\Users\George\Desktop\Proiect2AVR\Debug\List\Proiect2AVR.asm(1100): warning: Register r5 already defined by the .DEF directive
C:\Users\George\Desktop\Proiect2AVR\Debug\List\Proiect2AVR.asm(1101): warning: Register r8 already defined by the .DEF directive
C:\Users\George\Desktop\Proiect2AVR\Debug\List\Proiect2AVR.asm(1102): warning: Register r7 already defined by the .DEF directive
C:\Users\George\Desktop\Proiect2AVR\Debug\List\Proiect2AVR.asm(1103): warning: Register r10 already defined by the .DEF directive
C:\Users\George\Desktop\Proiect2AVR\Debug\List\Proiect2AVR.asm(1104): warning: Register r9 already defined by the .DEF directive
C:\Users\George\Desktop\Proiect2AVR\Debug\List\Proiect2AVR.asm(1105): warning: Register r12 already defined by the .DEF directive
C:\Users\George\Desktop\Proiect2AVR\Debug\List\Proiect2AVR.asm(1106): warning: Register r11 already defined by the .DEF directive
C:\Users\George\Desktop\Proiect2AVR\Debug\List\Proiect2AVR.asm(1107): warning: Register r14 already defined by the .DEF directive
                 
                 
                 ;CodeVisionAVR C Compiler V3.29 Evaluation
                 ;(C) Copyright 1998-2016 Pavel Haiduc, HP InfoTech s.r.l.
                 ;http://www.hpinfotech.com
                 
                 ;Build configuration    : Debug
                 ;Chip type              : ATmega164
                 ;Program type           : Application
                 ;Clock frequency        : 20.000000 MHz
                 ;Memory model           : Small
                 ;Optimize for           : Size
                 ;(s)printf features     : int, width
                 ;(s)scanf features      : int, width
                 ;External RAM size      : 0
                 ;Data Stack size        : 256 byte(s)
                 ;Heap size              : 0 byte(s)
                 ;Promote 'char' to 'int': Yes
                 ;'char' is unsigned     : Yes
                 ;8 bit enums            : Yes
                 ;Global 'const' stored in FLASH: Yes
                 ;Enhanced function parameter passing: Mode 2
                 ;Enhanced core instructions: On
                 ;Automatic register allocation for global variables: On
                 ;Smart register allocation: On
                 
                 	#define _MODEL_SMALL_
                 
                 	#pragma AVRPART ADMIN PART_NAME ATmega164
                 	#pragma AVRPART MEMORY PROG_FLASH 16384
                 	#pragma AVRPART MEMORY EEPROM 512
                 	#pragma AVRPART MEMORY INT_SRAM SIZE 1024
                 	#pragma AVRPART MEMORY INT_SRAM START_ADDR 0x100
                 
                 	#define CALL_SUPPORTED 1
                 
                 	.LISTMAC
                 	.EQU EERE=0x0
                 	.EQU EEWE=0x1
                 	.EQU EEMWE=0x2
                 	.EQU UDRE=0x5
                 	.EQU RXC=0x7
                 	.EQU EECR=0x1F
                 	.EQU EEDR=0x20
                 	.EQU EEARL=0x21
                 	.EQU EEARH=0x22
                 	.EQU SPSR=0x2D
                 	.EQU SPDR=0x2E
                 	.EQU SMCR=0x33
                 	.EQU MCUSR=0x34
                 	.EQU MCUCR=0x35
                 	.EQU WDTCSR=0x60
                 	.EQU UCSR0A=0xC0
                 	.EQU UDR0=0xC6
                 	.EQU SPL=0x3D
                 	.EQU SPH=0x3E
                 	.EQU SREG=0x3F
                 	.EQU GPIOR0=0x1E
                 
                 	.DEF R0X0=R0
                 	.DEF R0X1=R1
                 	.DEF R0X2=R2
                 	.DEF R0X3=R3
                 	.DEF R0X4=R4
                 	.DEF R0X5=R5
                 	.DEF R0X6=R6
                 	.DEF R0X7=R7
                 	.DEF R0X8=R8
                 	.DEF R0X9=R9
                 	.DEF R0XA=R10
                 	.DEF R0XB=R11
                 	.DEF R0XC=R12
                 	.DEF R0XD=R13
                 	.DEF R0XE=R14
                 	.DEF R0XF=R15
                 	.DEF R0X10=R16
                 	.DEF R0X11=R17
                 	.DEF R0X12=R18
                 	.DEF R0X13=R19
                 	.DEF R0X14=R20
                 	.DEF R0X15=R21
                 	.DEF R0X16=R22
                 	.DEF R0X17=R23
                 	.DEF R0X18=R24
                 	.DEF R0X19=R25
                 	.DEF R0X1A=R26
                 	.DEF R0X1B=R27
                 	.DEF R0X1C=R28
                 	.DEF R0X1D=R29
                 	.DEF R0X1E=R30
                 	.DEF R0X1F=R31
                 
                 	.EQU __SRAM_START=0x0100
                 	.EQU __SRAM_END=0x04FF
                 	.EQU __DSTACK_SIZE=0x0100
                 	.EQU __HEAP_SIZE=0x0000
                 	.EQU __CLEAR_SRAM_SIZE=__SRAM_END-__SRAM_START+1
                 
                 	.MACRO __CPD1N
                 	CPI  R30,LOW(@0)
                 	LDI  R26,HIGH(@0)
                 	CPC  R31,R26
                 	LDI  R26,BYTE3(@0)
                 	CPC  R22,R26
                 	LDI  R26,BYTE4(@0)
                 	CPC  R23,R26
                 	.ENDM
                 
                 	.MACRO __CPD2N
                 	CPI  R26,LOW(@0)
                 	LDI  R30,HIGH(@0)
                 	CPC  R27,R30
                 	LDI  R30,BYTE3(@0)
                 	CPC  R24,R30
                 	LDI  R30,BYTE4(@0)
                 	CPC  R25,R30
                 	.ENDM
                 
                 	.MACRO __CPWRR
                 	CP   R@0,R@2
                 	CPC  R@1,R@3
                 	.ENDM
                 
                 	.MACRO __CPWRN
                 	CPI  R@0,LOW(@2)
                 	LDI  R30,HIGH(@2)
                 	CPC  R@1,R30
                 	.ENDM
                 
                 	.MACRO __ADDB1MN
                 	SUBI R30,LOW(-@0-(@1))
                 	.ENDM
                 
                 	.MACRO __ADDB2MN
                 	SUBI R26,LOW(-@0-(@1))
                 	.ENDM
                 
                 	.MACRO __ADDW1MN
                 	SUBI R30,LOW(-@0-(@1))
                 	SBCI R31,HIGH(-@0-(@1))
                 	.ENDM
                 
                 	.MACRO __ADDW2MN
                 	SUBI R26,LOW(-@0-(@1))
                 	SBCI R27,HIGH(-@0-(@1))
                 	.ENDM
                 
                 	.MACRO __ADDW1FN
                 	SUBI R30,LOW(-2*@0-(@1))
                 	SBCI R31,HIGH(-2*@0-(@1))
                 	.ENDM
                 
                 	.MACRO __ADDD1FN
                 	SUBI R30,LOW(-2*@0-(@1))
                 	SBCI R31,HIGH(-2*@0-(@1))
                 	SBCI R22,BYTE3(-2*@0-(@1))
                 	.ENDM
                 
                 	.MACRO __ADDD1N
                 	SUBI R30,LOW(-@0)
                 	SBCI R31,HIGH(-@0)
                 	SBCI R22,BYTE3(-@0)
                 	SBCI R23,BYTE4(-@0)
                 	.ENDM
                 
                 	.MACRO __ADDD2N
                 	SUBI R26,LOW(-@0)
                 	SBCI R27,HIGH(-@0)
                 	SBCI R24,BYTE3(-@0)
                 	SBCI R25,BYTE4(-@0)
                 	.ENDM
                 
                 	.MACRO __SUBD1N
                 	SUBI R30,LOW(@0)
                 	SBCI R31,HIGH(@0)
                 	SBCI R22,BYTE3(@0)
                 	SBCI R23,BYTE4(@0)
                 	.ENDM
                 
                 	.MACRO __SUBD2N
                 	SUBI R26,LOW(@0)
                 	SBCI R27,HIGH(@0)
                 	SBCI R24,BYTE3(@0)
                 	SBCI R25,BYTE4(@0)
                 	.ENDM
                 
                 	.MACRO __ANDBMNN
                 	LDS  R30,@0+(@1)
                 	ANDI R30,LOW(@2)
                 	STS  @0+(@1),R30
                 	.ENDM
                 
                 	.MACRO __ANDWMNN
                 	LDS  R30,@0+(@1)
                 	ANDI R30,LOW(@2)
                 	STS  @0+(@1),R30
                 	LDS  R30,@0+(@1)+1
                 	ANDI R30,HIGH(@2)
                 	STS  @0+(@1)+1,R30
                 	.ENDM
                 
                 	.MACRO __ANDD1N
                 	ANDI R30,LOW(@0)
                 	ANDI R31,HIGH(@0)
                 	ANDI R22,BYTE3(@0)
                 	ANDI R23,BYTE4(@0)
                 	.ENDM
                 
                 	.MACRO __ANDD2N
                 	ANDI R26,LOW(@0)
                 	ANDI R27,HIGH(@0)
                 	ANDI R24,BYTE3(@0)
                 	ANDI R25,BYTE4(@0)
                 	.ENDM
                 
                 	.MACRO __ORBMNN
                 	LDS  R30,@0+(@1)
                 	ORI  R30,LOW(@2)
                 	STS  @0+(@1),R30
                 	.ENDM
                 
                 	.MACRO __ORWMNN
                 	LDS  R30,@0+(@1)
                 	ORI  R30,LOW(@2)
                 	STS  @0+(@1),R30
                 	LDS  R30,@0+(@1)+1
                 	ORI  R30,HIGH(@2)
                 	STS  @0+(@1)+1,R30
                 	.ENDM
                 
                 	.MACRO __ORD1N
                 	ORI  R30,LOW(@0)
                 	ORI  R31,HIGH(@0)
                 	ORI  R22,BYTE3(@0)
                 	ORI  R23,BYTE4(@0)
                 	.ENDM
                 
                 	.MACRO __ORD2N
                 	ORI  R26,LOW(@0)
                 	ORI  R27,HIGH(@0)
                 	ORI  R24,BYTE3(@0)
                 	ORI  R25,BYTE4(@0)
                 	.ENDM
                 
                 	.MACRO __DELAY_USB
                 	LDI  R24,LOW(@0)
                 __DELAY_USB_LOOP:
                 	DEC  R24
                 	BRNE __DELAY_USB_LOOP
                 	.ENDM
                 
                 	.MACRO __DELAY_USW
                 	LDI  R24,LOW(@0)
                 	LDI  R25,HIGH(@0)
                 __DELAY_USW_LOOP:
                 	SBIW R24,1
                 	BRNE __DELAY_USW_LOOP
                 	.ENDM
                 
                 	.MACRO __GETD1S
                 	LDD  R30,Y+@0
                 	LDD  R31,Y+@0+1
                 	LDD  R22,Y+@0+2
                 	LDD  R23,Y+@0+3
                 	.ENDM
                 
                 	.MACRO __GETD2S
                 	LDD  R26,Y+@0
                 	LDD  R27,Y+@0+1
                 	LDD  R24,Y+@0+2
                 	LDD  R25,Y+@0+3
                 	.ENDM
                 
                 	.MACRO __PUTD1S
                 	STD  Y+@0,R30
                 	STD  Y+@0+1,R31
                 	STD  Y+@0+2,R22
                 	STD  Y+@0+3,R23
                 	.ENDM
                 
                 	.MACRO __PUTD2S
                 	STD  Y+@0,R26
                 	STD  Y+@0+1,R27
                 	STD  Y+@0+2,R24
                 	STD  Y+@0+3,R25
                 	.ENDM
                 
                 	.MACRO __PUTDZ2
                 	STD  Z+@0,R26
                 	STD  Z+@0+1,R27
                 	STD  Z+@0+2,R24
                 	STD  Z+@0+3,R25
                 	.ENDM
                 
                 	.MACRO __CLRD1S
                 	STD  Y+@0,R30
                 	STD  Y+@0+1,R30
                 	STD  Y+@0+2,R30
                 	STD  Y+@0+3,R30
                 	.ENDM
                 
                 	.MACRO __POINTB1MN
                 	LDI  R30,LOW(@0+(@1))
                 	.ENDM
                 
                 	.MACRO __POINTW1MN
                 	LDI  R30,LOW(@0+(@1))
                 	LDI  R31,HIGH(@0+(@1))
                 	.ENDM
                 
                 	.MACRO __POINTD1M
                 	LDI  R30,LOW(@0)
                 	LDI  R31,HIGH(@0)
                 	LDI  R22,BYTE3(@0)
                 	LDI  R23,BYTE4(@0)
                 	.ENDM
                 
                 	.MACRO __POINTW1FN
                 	LDI  R30,LOW(2*@0+(@1))
                 	LDI  R31,HIGH(2*@0+(@1))
                 	.ENDM
                 
                 	.MACRO __POINTD1FN
                 	LDI  R30,LOW(2*@0+(@1))
                 	LDI  R31,HIGH(2*@0+(@1))
                 	LDI  R22,BYTE3(2*@0+(@1))
                 	LDI  R23,BYTE4(2*@0+(@1))
                 	.ENDM
                 
                 	.MACRO __POINTB2MN
                 	LDI  R26,LOW(@0+(@1))
                 	.ENDM
                 
                 	.MACRO __POINTW2MN
                 	LDI  R26,LOW(@0+(@1))
                 	LDI  R27,HIGH(@0+(@1))
                 	.ENDM
                 
                 	.MACRO __POINTD2M
                 	LDI  R26,LOW(@0)
                 	LDI  R27,HIGH(@0)
                 	LDI  R24,BYTE3(@0)
                 	LDI  R25,BYTE4(@0)
                 	.ENDM
                 
                 	.MACRO __POINTW2FN
                 	LDI  R26,LOW(2*@0+(@1))
                 	LDI  R27,HIGH(2*@0+(@1))
                 	.ENDM
                 
                 	.MACRO __POINTD2FN
                 	LDI  R26,LOW(2*@0+(@1))
                 	LDI  R27,HIGH(2*@0+(@1))
                 	LDI  R24,BYTE3(2*@0+(@1))
                 	LDI  R25,BYTE4(2*@0+(@1))
                 	.ENDM
                 
                 	.MACRO __POINTBRM
                 	LDI  R@0,LOW(@1)
                 	.ENDM
                 
                 	.MACRO __POINTWRM
                 	LDI  R@0,LOW(@2)
                 	LDI  R@1,HIGH(@2)
                 	.ENDM
                 
                 	.MACRO __POINTBRMN
                 	LDI  R@0,LOW(@1+(@2))
                 	.ENDM
                 
                 	.MACRO __POINTWRMN
                 	LDI  R@0,LOW(@2+(@3))
                 	LDI  R@1,HIGH(@2+(@3))
                 	.ENDM
                 
                 	.MACRO __POINTWRFN
                 	LDI  R@0,LOW(@2*2+(@3))
                 	LDI  R@1,HIGH(@2*2+(@3))
                 	.ENDM
                 
                 	.MACRO __GETD1N
                 	LDI  R30,LOW(@0)
                 	LDI  R31,HIGH(@0)
                 	LDI  R22,BYTE3(@0)
                 	LDI  R23,BYTE4(@0)
                 	.ENDM
                 
                 	.MACRO __GETD2N
                 	LDI  R26,LOW(@0)
                 	LDI  R27,HIGH(@0)
                 	LDI  R24,BYTE3(@0)
                 	LDI  R25,BYTE4(@0)
                 	.ENDM
                 
                 	.MACRO __GETB1MN
                 	LDS  R30,@0+(@1)
                 	.ENDM
                 
                 	.MACRO __GETB1HMN
                 	LDS  R31,@0+(@1)
                 	.ENDM
                 
                 	.MACRO __GETW1MN
                 	LDS  R30,@0+(@1)
                 	LDS  R31,@0+(@1)+1
                 	.ENDM
                 
                 	.MACRO __GETD1MN
                 	LDS  R30,@0+(@1)
                 	LDS  R31,@0+(@1)+1
                 	LDS  R22,@0+(@1)+2
                 	LDS  R23,@0+(@1)+3
                 	.ENDM
                 
                 	.MACRO __GETBRMN
                 	LDS  R@0,@1+(@2)
                 	.ENDM
                 
                 	.MACRO __GETWRMN
                 	LDS  R@0,@2+(@3)
                 	LDS  R@1,@2+(@3)+1
                 	.ENDM
                 
                 	.MACRO __GETWRZ
                 	LDD  R@0,Z+@2
                 	LDD  R@1,Z+@2+1
                 	.ENDM
                 
                 	.MACRO __GETD2Z
                 	LDD  R26,Z+@0
                 	LDD  R27,Z+@0+1
                 	LDD  R24,Z+@0+2
                 	LDD  R25,Z+@0+3
                 	.ENDM
                 
                 	.MACRO __GETB2MN
                 	LDS  R26,@0+(@1)
                 	.ENDM
                 
                 	.MACRO __GETW2MN
                 	LDS  R26,@0+(@1)
                 	LDS  R27,@0+(@1)+1
                 	.ENDM
                 
                 	.MACRO __GETD2MN
                 	LDS  R26,@0+(@1)
                 	LDS  R27,@0+(@1)+1
                 	LDS  R24,@0+(@1)+2
                 	LDS  R25,@0+(@1)+3
                 	.ENDM
                 
                 	.MACRO __PUTB1MN
                 	STS  @0+(@1),R30
                 	.ENDM
                 
                 	.MACRO __PUTW1MN
                 	STS  @0+(@1),R30
                 	STS  @0+(@1)+1,R31
                 	.ENDM
                 
                 	.MACRO __PUTD1MN
                 	STS  @0+(@1),R30
                 	STS  @0+(@1)+1,R31
                 	STS  @0+(@1)+2,R22
                 	STS  @0+(@1)+3,R23
                 	.ENDM
                 
                 	.MACRO __PUTB1EN
                 	LDI  R26,LOW(@0+(@1))
                 	LDI  R27,HIGH(@0+(@1))
                 	CALL __EEPROMWRB
                 	.ENDM
                 
                 	.MACRO __PUTW1EN
                 	LDI  R26,LOW(@0+(@1))
                 	LDI  R27,HIGH(@0+(@1))
                 	CALL __EEPROMWRW
                 	.ENDM
                 
                 	.MACRO __PUTD1EN
                 	LDI  R26,LOW(@0+(@1))
                 	LDI  R27,HIGH(@0+(@1))
                 	CALL __EEPROMWRD
                 	.ENDM
                 
                 	.MACRO __PUTBR0MN
                 	STS  @0+(@1),R0
                 	.ENDM
                 
                 	.MACRO __PUTBMRN
                 	STS  @0+(@1),R@2
                 	.ENDM
                 
                 	.MACRO __PUTWMRN
                 	STS  @0+(@1),R@2
                 	STS  @0+(@1)+1,R@3
                 	.ENDM
                 
                 	.MACRO __PUTBZR
                 	STD  Z+@1,R@0
                 	.ENDM
                 
                 	.MACRO __PUTWZR
                 	STD  Z+@2,R@0
                 	STD  Z+@2+1,R@1
                 	.ENDM
                 
                 	.MACRO __GETW1R
                 	MOV  R30,R@0
                 	MOV  R31,R@1
                 	.ENDM
                 
                 	.MACRO __GETW2R
                 	MOV  R26,R@0
                 	MOV  R27,R@1
                 	.ENDM
                 
                 	.MACRO __GETWRN
                 	LDI  R@0,LOW(@2)
                 	LDI  R@1,HIGH(@2)
                 	.ENDM
                 
                 	.MACRO __PUTW1R
                 	MOV  R@0,R30
                 	MOV  R@1,R31
                 	.ENDM
                 
                 	.MACRO __PUTW2R
                 	MOV  R@0,R26
                 	MOV  R@1,R27
                 	.ENDM
                 
                 	.MACRO __ADDWRN
                 	SUBI R@0,LOW(-@2)
                 	SBCI R@1,HIGH(-@2)
                 	.ENDM
                 
                 	.MACRO __ADDWRR
                 	ADD  R@0,R@2
                 	ADC  R@1,R@3
                 	.ENDM
                 
                 	.MACRO __SUBWRN
                 	SUBI R@0,LOW(@2)
                 	SBCI R@1,HIGH(@2)
                 	.ENDM
                 
                 	.MACRO __SUBWRR
                 	SUB  R@0,R@2
                 	SBC  R@1,R@3
                 	.ENDM
                 
                 	.MACRO __ANDWRN
                 	ANDI R@0,LOW(@2)
                 	ANDI R@1,HIGH(@2)
                 	.ENDM
                 
                 	.MACRO __ANDWRR
                 	AND  R@0,R@2
                 	AND  R@1,R@3
                 	.ENDM
                 
                 	.MACRO __ORWRN
                 	ORI  R@0,LOW(@2)
                 	ORI  R@1,HIGH(@2)
                 	.ENDM
                 
                 	.MACRO __ORWRR
                 	OR   R@0,R@2
                 	OR   R@1,R@3
                 	.ENDM
                 
                 	.MACRO __EORWRR
                 	EOR  R@0,R@2
                 	EOR  R@1,R@3
                 	.ENDM
                 
                 	.MACRO __GETWRS
                 	LDD  R@0,Y+@2
                 	LDD  R@1,Y+@2+1
                 	.ENDM
                 
                 	.MACRO __PUTBSR
                 	STD  Y+@1,R@0
                 	.ENDM
                 
                 	.MACRO __PUTWSR
                 	STD  Y+@2,R@0
                 	STD  Y+@2+1,R@1
                 	.ENDM
                 
                 	.MACRO __MOVEWRR
                 	MOV  R@0,R@2
                 	MOV  R@1,R@3
                 	.ENDM
                 
                 	.MACRO __INWR
                 	IN   R@0,@2
                 	IN   R@1,@2+1
                 	.ENDM
                 
                 	.MACRO __OUTWR
                 	OUT  @2+1,R@1
                 	OUT  @2,R@0
                 	.ENDM
                 
                 	.MACRO __CALL1MN
                 	LDS  R30,@0+(@1)
                 	LDS  R31,@0+(@1)+1
                 	ICALL
                 	.ENDM
                 
                 	.MACRO __CALL1FN
                 	LDI  R30,LOW(2*@0+(@1))
                 	LDI  R31,HIGH(2*@0+(@1))
                 	CALL __GETW1PF
                 	ICALL
                 	.ENDM
                 
                 	.MACRO __CALL2EN
                 	PUSH R26
                 	PUSH R27
                 	LDI  R26,LOW(@0+(@1))
                 	LDI  R27,HIGH(@0+(@1))
                 	CALL __EEPROMRDW
                 	POP  R27
                 	POP  R26
                 	ICALL
                 	.ENDM
                 
                 	.MACRO __CALL2EX
                 	SUBI R26,LOW(-@0)
                 	SBCI R27,HIGH(-@0)
                 	CALL __EEPROMRDD
                 	ICALL
                 	.ENDM
                 
                 	.MACRO __GETW1STACK
                 	IN   R30,SPL
                 	IN   R31,SPH
                 	ADIW R30,@0+1
                 	LD   R0,Z+
                 	LD   R31,Z
                 	MOV  R30,R0
                 	.ENDM
                 
                 	.MACRO __GETD1STACK
                 	IN   R30,SPL
                 	IN   R31,SPH
                 	ADIW R30,@0+1
                 	LD   R0,Z+
                 	LD   R1,Z+
                 	LD   R22,Z
                 	MOVW R30,R0
                 	.ENDM
                 
                 	.MACRO __NBST
                 	BST  R@0,@1
                 	IN   R30,SREG
                 	LDI  R31,0x40
                 	EOR  R30,R31
                 	OUT  SREG,R30
                 	.ENDM
                 
                 
                 	.MACRO __PUTB1SN
                 	LDD  R26,Y+@0
                 	LDD  R27,Y+@0+1
                 	SUBI R26,LOW(-@1)
                 	SBCI R27,HIGH(-@1)
                 	ST   X,R30
                 	.ENDM
                 
                 	.MACRO __PUTW1SN
                 	LDD  R26,Y+@0
                 	LDD  R27,Y+@0+1
                 	SUBI R26,LOW(-@1)
                 	SBCI R27,HIGH(-@1)
                 	ST   X+,R30
                 	ST   X,R31
                 	.ENDM
                 
                 	.MACRO __PUTD1SN
                 	LDD  R26,Y+@0
                 	LDD  R27,Y+@0+1
                 	SUBI R26,LOW(-@1)
                 	SBCI R27,HIGH(-@1)
                 	CALL __PUTDP1
                 	.ENDM
                 
                 	.MACRO __PUTB1SNS
                 	LDD  R26,Y+@0
                 	LDD  R27,Y+@0+1
                 	ADIW R26,@1
                 	ST   X,R30
                 	.ENDM
                 
                 	.MACRO __PUTW1SNS
                 	LDD  R26,Y+@0
                 	LDD  R27,Y+@0+1
                 	ADIW R26,@1
                 	ST   X+,R30
                 	ST   X,R31
                 	.ENDM
                 
                 	.MACRO __PUTD1SNS
                 	LDD  R26,Y+@0
                 	LDD  R27,Y+@0+1
                 	ADIW R26,@1
                 	CALL __PUTDP1
                 	.ENDM
                 
                 	.MACRO __PUTB1PMN
                 	LDS  R26,@0
                 	LDS  R27,@0+1
                 	SUBI R26,LOW(-@1)
                 	SBCI R27,HIGH(-@1)
                 	ST   X,R30
                 	.ENDM
                 
                 	.MACRO __PUTW1PMN
                 	LDS  R26,@0
                 	LDS  R27,@0+1
                 	SUBI R26,LOW(-@1)
                 	SBCI R27,HIGH(-@1)
                 	ST   X+,R30
                 	ST   X,R31
                 	.ENDM
                 
                 	.MACRO __PUTD1PMN
                 	LDS  R26,@0
                 	LDS  R27,@0+1
                 	SUBI R26,LOW(-@1)
                 	SBCI R27,HIGH(-@1)
                 	CALL __PUTDP1
                 	.ENDM
                 
                 	.MACRO __PUTB1PMNS
                 	LDS  R26,@0
                 	LDS  R27,@0+1
                 	ADIW R26,@1
                 	ST   X,R30
                 	.ENDM
                 
                 	.MACRO __PUTW1PMNS
                 	LDS  R26,@0
                 	LDS  R27,@0+1
                 	ADIW R26,@1
                 	ST   X+,R30
                 	ST   X,R31
                 	.ENDM
                 
                 	.MACRO __PUTD1PMNS
                 	LDS  R26,@0
                 	LDS  R27,@0+1
                 	ADIW R26,@1
                 	CALL __PUTDP1
                 	.ENDM
                 
                 	.MACRO __PUTB1RN
                 	MOVW R26,R@0
                 	SUBI R26,LOW(-@1)
                 	SBCI R27,HIGH(-@1)
                 	ST   X,R30
                 	.ENDM
                 
                 	.MACRO __PUTW1RN
                 	MOVW R26,R@0
                 	SUBI R26,LOW(-@1)
                 	SBCI R27,HIGH(-@1)
                 	ST   X+,R30
                 	ST   X,R31
                 	.ENDM
                 
                 	.MACRO __PUTD1RN
                 	MOVW R26,R@0
                 	SUBI R26,LOW(-@1)
                 	SBCI R27,HIGH(-@1)
                 	CALL __PUTDP1
                 	.ENDM
                 
                 	.MACRO __PUTB1RNS
                 	MOVW R26,R@0
                 	ADIW R26,@1
                 	ST   X,R30
                 	.ENDM
                 
                 	.MACRO __PUTW1RNS
                 	MOVW R26,R@0
                 	ADIW R26,@1
                 	ST   X+,R30
                 	ST   X,R31
                 	.ENDM
                 
                 	.MACRO __PUTD1RNS
                 	MOVW R26,R@0
                 	ADIW R26,@1
                 	CALL __PUTDP1
                 	.ENDM
                 
                 	.MACRO __PUTB1RON
                 	MOV  R26,R@0
                 	MOV  R27,R@1
                 	SUBI R26,LOW(-@2)
                 	SBCI R27,HIGH(-@2)
                 	ST   X,R30
                 	.ENDM
                 
                 	.MACRO __PUTW1RON
                 	MOV  R26,R@0
                 	MOV  R27,R@1
                 	SUBI R26,LOW(-@2)
                 	SBCI R27,HIGH(-@2)
                 	ST   X+,R30
                 	ST   X,R31
                 	.ENDM
                 
                 	.MACRO __PUTD1RON
                 	MOV  R26,R@0
                 	MOV  R27,R@1
                 	SUBI R26,LOW(-@2)
                 	SBCI R27,HIGH(-@2)
                 	CALL __PUTDP1
                 	.ENDM
                 
                 	.MACRO __PUTB1RONS
                 	MOV  R26,R@0
                 	MOV  R27,R@1
                 	ADIW R26,@2
                 	ST   X,R30
                 	.ENDM
                 
                 	.MACRO __PUTW1RONS
                 	MOV  R26,R@0
                 	MOV  R27,R@1
                 	ADIW R26,@2
                 	ST   X+,R30
                 	ST   X,R31
                 	.ENDM
                 
                 	.MACRO __PUTD1RONS
                 	MOV  R26,R@0
                 	MOV  R27,R@1
                 	ADIW R26,@2
                 	CALL __PUTDP1
                 	.ENDM
                 
                 
                 	.MACRO __GETB1SX
                 	MOVW R30,R28
                 	SUBI R30,LOW(-@0)
                 	SBCI R31,HIGH(-@0)
                 	LD   R30,Z
                 	.ENDM
                 
                 	.MACRO __GETB1HSX
                 	MOVW R30,R28
                 	SUBI R30,LOW(-@0)
                 	SBCI R31,HIGH(-@0)
                 	LD   R31,Z
                 	.ENDM
                 
                 	.MACRO __GETW1SX
                 	MOVW R30,R28
                 	SUBI R30,LOW(-@0)
                 	SBCI R31,HIGH(-@0)
                 	LD   R0,Z+
                 	LD   R31,Z
                 	MOV  R30,R0
                 	.ENDM
                 
                 	.MACRO __GETD1SX
                 	MOVW R30,R28
                 	SUBI R30,LOW(-@0)
                 	SBCI R31,HIGH(-@0)
                 	LD   R0,Z+
                 	LD   R1,Z+
                 	LD   R22,Z+
                 	LD   R23,Z
                 	MOVW R30,R0
                 	.ENDM
                 
                 	.MACRO __GETB2SX
                 	MOVW R26,R28
                 	SUBI R26,LOW(-@0)
                 	SBCI R27,HIGH(-@0)
                 	LD   R26,X
                 	.ENDM
                 
                 	.MACRO __GETW2SX
                 	MOVW R26,R28
                 	SUBI R26,LOW(-@0)
                 	SBCI R27,HIGH(-@0)
                 	LD   R0,X+
                 	LD   R27,X
                 	MOV  R26,R0
                 	.ENDM
                 
                 	.MACRO __GETD2SX
                 	MOVW R26,R28
                 	SUBI R26,LOW(-@0)
                 	SBCI R27,HIGH(-@0)
                 	LD   R0,X+
                 	LD   R1,X+
                 	LD   R24,X+
                 	LD   R25,X
                 	MOVW R26,R0
                 	.ENDM
                 
                 	.MACRO __GETBRSX
                 	MOVW R30,R28
                 	SUBI R30,LOW(-@1)
                 	SBCI R31,HIGH(-@1)
                 	LD   R@0,Z
                 	.ENDM
                 
                 	.MACRO __GETWRSX
                 	MOVW R30,R28
                 	SUBI R30,LOW(-@2)
                 	SBCI R31,HIGH(-@2)
                 	LD   R@0,Z+
                 	LD   R@1,Z
                 	.ENDM
                 
                 	.MACRO __GETBRSX2
                 	MOVW R26,R28
                 	SUBI R26,LOW(-@1)
                 	SBCI R27,HIGH(-@1)
                 	LD   R@0,X
                 	.ENDM
                 
                 	.MACRO __GETWRSX2
                 	MOVW R26,R28
                 	SUBI R26,LOW(-@2)
                 	SBCI R27,HIGH(-@2)
                 	LD   R@0,X+
                 	LD   R@1,X
                 	.ENDM
                 
                 	.MACRO __LSLW8SX
                 	MOVW R30,R28
                 	SUBI R30,LOW(-@0)
                 	SBCI R31,HIGH(-@0)
                 	LD   R31,Z
                 	CLR  R30
                 	.ENDM
                 
                 	.MACRO __PUTB1SX
                 	MOVW R26,R28
                 	SUBI R26,LOW(-@0)
                 	SBCI R27,HIGH(-@0)
                 	ST   X,R30
                 	.ENDM
                 
                 	.MACRO __PUTW1SX
                 	MOVW R26,R28
                 	SUBI R26,LOW(-@0)
                 	SBCI R27,HIGH(-@0)
                 	ST   X+,R30
                 	ST   X,R31
                 	.ENDM
                 
                 	.MACRO __PUTD1SX
                 	MOVW R26,R28
                 	SUBI R26,LOW(-@0)
                 	SBCI R27,HIGH(-@0)
                 	ST   X+,R30
                 	ST   X+,R31
                 	ST   X+,R22
                 	ST   X,R23
                 	.ENDM
                 
                 	.MACRO __CLRW1SX
                 	MOVW R26,R28
                 	SUBI R26,LOW(-@0)
                 	SBCI R27,HIGH(-@0)
                 	ST   X+,R30
                 	ST   X,R30
                 	.ENDM
                 
                 	.MACRO __CLRD1SX
                 	MOVW R26,R28
                 	SUBI R26,LOW(-@0)
                 	SBCI R27,HIGH(-@0)
                 	ST   X+,R30
                 	ST   X+,R30
                 	ST   X+,R30
                 	ST   X,R30
                 	.ENDM
                 
                 	.MACRO __PUTB2SX
                 	MOVW R30,R28
                 	SUBI R30,LOW(-@0)
                 	SBCI R31,HIGH(-@0)
                 	ST   Z,R26
                 	.ENDM
                 
                 	.MACRO __PUTW2SX
                 	MOVW R30,R28
                 	SUBI R30,LOW(-@0)
                 	SBCI R31,HIGH(-@0)
                 	ST   Z+,R26
                 	ST   Z,R27
                 	.ENDM
                 
                 	.MACRO __PUTD2SX
                 	MOVW R30,R28
                 	SUBI R30,LOW(-@0)
                 	SBCI R31,HIGH(-@0)
                 	ST   Z+,R26
                 	ST   Z+,R27
                 	ST   Z+,R24
                 	ST   Z,R25
                 	.ENDM
                 
                 	.MACRO __PUTBSRX
                 	MOVW R30,R28
                 	SUBI R30,LOW(-@1)
                 	SBCI R31,HIGH(-@1)
                 	ST   Z,R@0
                 	.ENDM
                 
                 	.MACRO __PUTWSRX
                 	MOVW R30,R28
                 	SUBI R30,LOW(-@2)
                 	SBCI R31,HIGH(-@2)
                 	ST   Z+,R@0
                 	ST   Z,R@1
                 	.ENDM
                 
                 	.MACRO __PUTB1SNX
                 	MOVW R26,R28
                 	SUBI R26,LOW(-@0)
                 	SBCI R27,HIGH(-@0)
                 	LD   R0,X+
                 	LD   R27,X
                 	MOV  R26,R0
                 	SUBI R26,LOW(-@1)
                 	SBCI R27,HIGH(-@1)
                 	ST   X,R30
                 	.ENDM
                 
                 	.MACRO __PUTW1SNX
                 	MOVW R26,R28
                 	SUBI R26,LOW(-@0)
                 	SBCI R27,HIGH(-@0)
                 	LD   R0,X+
                 	LD   R27,X
                 	MOV  R26,R0
                 	SUBI R26,LOW(-@1)
                 	SBCI R27,HIGH(-@1)
                 	ST   X+,R30
                 	ST   X,R31
                 	.ENDM
                 
                 	.MACRO __PUTD1SNX
                 	MOVW R26,R28
                 	SUBI R26,LOW(-@0)
                 	SBCI R27,HIGH(-@0)
                 	LD   R0,X+
                 	LD   R27,X
                 	MOV  R26,R0
                 	SUBI R26,LOW(-@1)
                 	SBCI R27,HIGH(-@1)
                 	ST   X+,R30
                 	ST   X+,R31
                 	ST   X+,R22
                 	ST   X,R23
                 	.ENDM
                 
                 	.MACRO __MULBRR
                 	MULS R@0,R@1
                 	MOVW R30,R0
                 	.ENDM
                 
                 	.MACRO __MULBRRU
                 	MUL  R@0,R@1
                 	MOVW R30,R0
                 	.ENDM
                 
                 	.MACRO __MULBRR0
                 	MULS R@0,R@1
                 	.ENDM
                 
                 	.MACRO __MULBRRU0
                 	MUL  R@0,R@1
                 	.ENDM
                 
                 	.MACRO __MULBNWRU
                 	LDI  R26,@2
                 	MUL  R26,R@0
                 	MOVW R30,R0
                 	MUL  R26,R@1
                 	ADD  R31,R0
                 	.ENDM
                 
                 ;NAME DEFINITIONS FOR GLOBAL VARIABLES ALLOCATED TO REGISTERS
                 	.DEF _contorIn=R4
                 	.DEF _contorSec=R3
                 	.DEF _contorMin=R6
                 	.DEF _contorHr=R5
                 	.DEF _val_afisor=R8
                 	.DEF _cont_pulse=R7
                 	.DEF _totalConsum=R10
                 	.DEF _consZi=R9
                 	.DEF _j=R12
                 	.DEF _cifra0=R11
                 	.DEF _cifra1=R14
                 
                 ;GPIOR0 INITIALIZATION VALUE
                 	.EQU __GPIOR0_INIT=0x00
                 
                 	.CSEG
                 	.ORG 0x00
                 
                 ;START OF CODE MARKER
                 __START_OF_CODE:
                 
                 ;INTERRUPT VECTORS
000000 940c 0047 	JMP  __RESET
000002 940c 0000 	JMP  0x00
000004 940c 0000 	JMP  0x00
000006 940c 0000 	JMP  0x00
000008 940c 0000 	JMP  0x00
00000a 940c 0000 	JMP  0x00
00000c 940c 0000 	JMP  0x00
00000e 940c 0000 	JMP  0x00
000010 940c 0000 	JMP  0x00
000012 940c 0000 	JMP  0x00
000014 940c 0000 	JMP  0x00
000016 940c 0000 	JMP  0x00
000018 940c 0000 	JMP  0x00
00001a 940c 0000 	JMP  0x00
00001c 940c 0000 	JMP  0x00
00001e 940c 0000 	JMP  0x00
000020 940c 0000 	JMP  0x00
000022 940c 0000 	JMP  0x00
000024 940c 0076 	JMP  _timer0_ovf_isr
000026 940c 0000 	JMP  0x00
000028 940c 0000 	JMP  0x00
00002a 940c 0000 	JMP  0x00
00002c 940c 0000 	JMP  0x00
00002e 940c 0000 	JMP  0x00
000030 940c 0000 	JMP  0x00
000032 940c 0000 	JMP  0x00
000034 940c 0000 	JMP  0x00
000036 940c 0000 	JMP  0x00
000038 940c 0000 	JMP  0x00
00003a 940c 0000 	JMP  0x00
00003c 940c 0000 	JMP  0x00
                 
                 ;GLOBAL REGISTER VARIABLES INITIALIZATION
                 __REG_VARS:
00003e 0000
00003f 0000      	.DB  0x0,0x0,0x0,0x0
000040 0000
000041 0000      	.DB  0x0,0x0,0x0,0x0
000042 0000      	.DB  0x0,0x0
                 
                 
                 __GLOBAL_INI_TBL:
000043 000a      	.DW  0x0A
000044 0003      	.DW  0x03
000045 007c      	.DW  __REG_VARS*2
                 
                 _0xFFFFFFFF:
000046 0000      	.DW  0
                 
                 #define __GLOBAL_INI_TBL_PRESENT 1
                 
                 __RESET:
000047 94f8      	CLI
000048 27ee      	CLR  R30
000049 bbef      	OUT  EECR,R30
                 
                 ;INTERRUPT VECTORS ARE PLACED
                 ;AT THE START OF FLASH
00004a e0f1      	LDI  R31,1
00004b bff5      	OUT  MCUCR,R31
00004c bfe5      	OUT  MCUCR,R30
                 
                 ;CLEAR R2-R14
00004d e08d      	LDI  R24,(14-2)+1
00004e e0a2      	LDI  R26,2
00004f 27bb      	CLR  R27
                 __CLEAR_REG:
000050 93ed      	ST   X+,R30
000051 958a      	DEC  R24
000052 f7e9      	BRNE __CLEAR_REG
                 
                 ;CLEAR SRAM
000053 e080      	LDI  R24,LOW(__CLEAR_SRAM_SIZE)
000054 e094      	LDI  R25,HIGH(__CLEAR_SRAM_SIZE)
000055 e0a0      	LDI  R26,LOW(__SRAM_START)
000056 e0b1      	LDI  R27,HIGH(__SRAM_START)
                 __CLEAR_SRAM:
000057 93ed      	ST   X+,R30
000058 9701      	SBIW R24,1
000059 f7e9      	BRNE __CLEAR_SRAM
                 
                 ;GLOBAL VARIABLES INITIALIZATION
00005a e8e6      	LDI  R30,LOW(__GLOBAL_INI_TBL*2)
00005b e0f0      	LDI  R31,HIGH(__GLOBAL_INI_TBL*2)
                 __GLOBAL_INI_NEXT:
00005c 9185      	LPM  R24,Z+
00005d 9195      	LPM  R25,Z+
00005e 9700      	SBIW R24,0
00005f f061      	BREQ __GLOBAL_INI_END
000060 91a5      	LPM  R26,Z+
000061 91b5      	LPM  R27,Z+
000062 9005      	LPM  R0,Z+
000063 9015      	LPM  R1,Z+
000064 01bf      	MOVW R22,R30
000065 01f0      	MOVW R30,R0
                 __GLOBAL_INI_LOOP:
000066 9005      	LPM  R0,Z+
000067 920d      	ST   X+,R0
000068 9701      	SBIW R24,1
000069 f7e1      	BRNE __GLOBAL_INI_LOOP
00006a 01fb      	MOVW R30,R22
00006b cff0      	RJMP __GLOBAL_INI_NEXT
                 __GLOBAL_INI_END:
                 
                 ;GPIOR0 INITIALIZATION
00006c e0e0      	LDI  R30,__GPIOR0_INIT
00006d bbee      	OUT  GPIOR0,R30
                 
                 ;HARDWARE STACK POINTER INITIALIZATION
00006e efef      	LDI  R30,LOW(__SRAM_END-__HEAP_SIZE)
00006f bfed      	OUT  SPL,R30
000070 e0e4      	LDI  R30,HIGH(__SRAM_END-__HEAP_SIZE)
000071 bfee      	OUT  SPH,R30
                 
                 ;DATA STACK POINTER INITIALIZATION
000072 e0c0      	LDI  R28,LOW(__SRAM_START+__DSTACK_SIZE)
000073 e0d2      	LDI  R29,HIGH(__SRAM_START+__DSTACK_SIZE)
                 
000074 940c 0191 	JMP  _main
                 
                 	.ESEG
                 	.ORG 0
                 
                 	.DSEG
                 	.ORG 0x200
                 
                 	.CSEG
                 ;/*******************************************************
                 ;This program was created by the CodeWizardAVR V3.29
                 ;Automatic Program Generator
                 ;© Copyright 1998-2016 Pavel Haiduc, HP InfoTech s.r.l.
                 ;http://www.hpinfotech.com
                 ;
                 ;Project : Proiect2
                 ;Version :
                 ;Date    : 20/03/2023
                 ;Author  :
                 ;Company :
                 ;Comments:
                 ;
                 ;
                 ;Chip type               : ATmega164
                 ;Program type            : Application
                 ;AVR Core Clock frequency: 20.000000 MHz
                 ;Memory model            : Small
                 ;External RAM size       : 0
                 ;Data Stack size         : 256
                 ;*******************************************************/
                 ;
                 ;#include <io.h>
                 	#ifndef __SLEEP_DEFINED__
                 	#define __SLEEP_DEFINED__
                 	.EQU __se_bit=0x01
                 	.EQU __sm_mask=0x0E
                 	.EQU __sm_powerdown=0x04
                 	.EQU __sm_powersave=0x06
                 	.EQU __sm_standby=0x0C
                 	.EQU __sm_ext_standby=0x0E
                 	.EQU __sm_adc_noise_red=0x02
                 	.SET power_ctrl_reg=smcr
                 	#endif
                 ;
                 ;// Declare your global variables here
                 ;char arrayOre[24]={0,0,0,0,0,0,0,0,0,0,0,0,0,0,0,0,0,0,0,0,0,0,0,0};
                 ;char contorIn=0;
                 ;char contorSec=0;
                 ;char contorMin=0;
                 ;char contorHr=0;
                 ;char val_afisor;
                 ;char cont_pulse=0;
                 ;char totalConsum=0;
                 ;char consZi=0;
                 ;char j=0;
                 ;// Timer 0 overflow interrupt service routine
                 ;interrupt [TIM0_OVF] void timer0_ovf_isr(void)
                 ; 0000 0026 {
                 
                 	.CSEG
                 _timer0_ovf_isr:
                 ; .FSTART _timer0_ovf_isr
000076 920a      	ST   -Y,R0
000077 921a      	ST   -Y,R1
000078 939a      	ST   -Y,R25
000079 93aa      	ST   -Y,R26
00007a 93ba      	ST   -Y,R27
00007b 93ea      	ST   -Y,R30
00007c 93fa      	ST   -Y,R31
00007d b7ef      	IN   R30,SREG
00007e 93ea      	ST   -Y,R30
                 ; 0000 0027 // Reinitialize Timer 0 value
                 ; 0000 0028 //TCNT0=0x3C;   //acesta este valoarea timerului pentru a obtine o perioada de 10ms.
                 ; 0000 0029 //vom folosi pentru simulare un artificiu deoarece simulatorul merge in 4 MHz
                 ; 0000 002A TCNT0=0x63;
00007f e6e3      	LDI  R30,LOW(99)
000080 bde6      	OUT  0x26,R30
                 ; 0000 002B // Place your code here
                 ; 0000 002C contorIn=contorIn+1;
000081 9443      	INC  R4
                 ; 0000 002D if(contorIn%25==0){
000082 2da4      	MOV  R26,R4
000083 27bb      	CLR  R27
000084 e1e9      	LDI  R30,LOW(25)
000085 e0f0      	LDI  R31,HIGH(25)
000086 d1b9      	RCALL __MODW21
000087 9730      	SBIW R30,0
000088 f411      	BRNE _0x3
                 ; 0000 002E // contorIn pentru 4MHz si TCNT0 ales numara o secunda odata ce ajunge la valoarea de 25
                 ; 0000 002F //pentru 20Mhz ar trebui sa fie 100
                 ; 0000 0030     contorSec=contorSec+1;
000089 9433      	INC  R3
                 ; 0000 0031     contorIn=0;
00008a 2444      	CLR  R4
                 ; 0000 0032 }
                 ; 0000 0033 if(contorSec%60==0){
                 _0x3:
00008b 2da3      	MOV  R26,R3
00008c d176      	RCALL SUBOPT_0x0
00008d f411      	BRNE _0x4
                 ; 0000 0034     contorMin=contorMin+1;
00008e 9463      	INC  R6
                 ; 0000 0035     contorSec=0;
00008f 2433      	CLR  R3
                 ; 0000 0036 }
                 ; 0000 0037 if(contorMin%60==0){
                 _0x4:
000090 2da6      	MOV  R26,R6
000091 d171      	RCALL SUBOPT_0x0
000092 f411      	BRNE _0x5
                 ; 0000 0038 contorHr=contorHr+1;
000093 9453      	INC  R5
                 ; 0000 0039 contorMin=0;
000094 2466      	CLR  R6
                 ; 0000 003A }
                 ; 0000 003B // o sa ne caculeze consumul la sfarsitul zilei si apoi o sa ne
                 ; 0000 003C // treaca in cealalta zi
                 ; 0000 003D  if(contorHr%24==0){
                 _0x5:
000095 2da5      	MOV  R26,R5
000096 27bb      	CLR  R27
000097 e1e8      	LDI  R30,LOW(24)
000098 e0f0      	LDI  R31,HIGH(24)
000099 d1a6      	RCALL __MODW21
00009a 9730      	SBIW R30,0
00009b f459      	BRNE _0x6
                 ; 0000 003E  consZi=0;
00009c 2499      	CLR  R9
                 ; 0000 003F  for(j=0;j<24;j++)
00009d 24cc      	CLR  R12
                 _0x8:
00009e e1e8      	LDI  R30,LOW(24)
00009f 16ce      	CP   R12,R30
0000a0 f428      	BRSH _0x9
                 ; 0000 0040  {consZi=consZi+arrayOre[j];
0000a1 2dec      	MOV  R30,R12
0000a2 d166      	RCALL SUBOPT_0x1
0000a3 0e9e      	ADD  R9,R30
                 ; 0000 0041  }
0000a4 94c3      	INC  R12
0000a5 cff8      	RJMP _0x8
                 _0x9:
                 ; 0000 0042   contorHr=0;
0000a6 2455      	CLR  R5
                 ; 0000 0043   }
                 ; 0000 0044 }
                 _0x6:
0000a7 91e9      	LD   R30,Y+
0000a8 bfef      	OUT  SREG,R30
0000a9 91f9      	LD   R31,Y+
0000aa 91e9      	LD   R30,Y+
0000ab 91b9      	LD   R27,Y+
0000ac 91a9      	LD   R26,Y+
0000ad 9199      	LD   R25,Y+
0000ae 9019      	LD   R1,Y+
0000af 9009      	LD   R0,Y+
0000b0 9518      	RETI
                 ; .FEND
                 ;void LED_Stare_Curent(void)
                 ; 0000 0046 {
                 _LED_Stare_Curent:
                 ; .FSTART _LED_Stare_Curent
                 ; 0000 0047  if(PINC.2==1){   //schimba in port D2, D3, D4
0000b1 9b32      	SBIS 0x6,2
0000b2 c002      	RJMP _0xA
                 ; 0000 0048  PORTD.4=1;  // reprezinta o valoare scauzta 10mA-1.5ish A
0000b3 9a5c      	SBI  0xB,4
                 ; 0000 0049  PORTD.3=0;
0000b4 c00c      	RJMP _0x178
                 ; 0000 004A  PORTD.2=0;
                 ; 0000 004B  }else if(PINC.3==1){
                 _0xA:
0000b5 9b33      	SBIS 0x6,3
0000b6 c003      	RJMP _0x12
                 ; 0000 004C  PORTD.4=0;
0000b7 985c      	CBI  0xB,4
                 ; 0000 004D  PORTD.3=1;     // reprezinta o valoare medie  1.501 A -3.5 A
0000b8 9a5b      	SBI  0xB,3
                 ; 0000 004E  PORTD.2=0;
0000b9 c008      	RJMP _0x179
                 ; 0000 004F  }else if(PINC.4==1){
                 _0x12:
0000ba 9b34      	SBIS 0x6,4
0000bb c004      	RJMP _0x1A
                 ; 0000 0050  PORTD.4=0;
0000bc 985c      	CBI  0xB,4
                 ; 0000 0051  PORTD.3=0;
0000bd 985b      	CBI  0xB,3
                 ; 0000 0052  PORTD.2=1;   // reprezinta o valoare mare 3.501 A- 5A
0000be 9a5a      	SBI  0xB,2
                 ; 0000 0053 
                 ; 0000 0054  }
                 ; 0000 0055  else {
0000bf c003      	RJMP _0x21
                 _0x1A:
                 ; 0000 0056  PORTD.4=0;
0000c0 985c      	CBI  0xB,4
                 ; 0000 0057  PORTD.3=0;
                 _0x178:
0000c1 985b      	CBI  0xB,3
                 ; 0000 0058  PORTD.2=0;// nu ne afiseaza niciun led
                 _0x179:
0000c2 985a      	CBI  0xB,2
                 ; 0000 0059  }
                 _0x21:
                 ; 0000 005A //aceasta functie preia valoarea trimisa de dsp( valorile sunt intre anumite nivele
                 ; 0000 005B }
0000c3 9508      	RET
                 ; .FEND
                 ;char cifra0;
                 ;char cifra1;
                 ;
                 ;void Afisor_2Cifre(char value){
                 ; 0000 005F void Afisor_2Cifre(char value){
                 _Afisor_2Cifre:
                 ; .FSTART _Afisor_2Cifre
                 ; 0000 0060 //vei lua PORTA complet, PortD7,portB 0->4 14 biti pentur 2 cifre 7 biti din port A o sai setezi pentru prima cifra rest ...
                 ; 0000 0061 //tine minte afisorul este pe logica inversa
                 ; 0000 0062  cifra0=value%10;
0000c4 931a      	ST   -Y,R17
0000c5 2f1a      	MOV  R17,R26
                 ;	value -> R17
0000c6 27bb      	CLR  R27
0000c7 e0ea      	LDI  R30,LOW(10)
0000c8 e0f0      	LDI  R31,HIGH(10)
0000c9 d176      	RCALL __MODW21
0000ca 2ebe      	MOV  R11,R30
                 ; 0000 0063  cifra1=(value/10)%10;
0000cb 2fa1      	MOV  R26,R17
0000cc e0b0      	LDI  R27,0
0000cd e0ea      	LDI  R30,LOW(10)
0000ce e0f0      	LDI  R31,HIGH(10)
0000cf d16b      	RCALL __DIVW21
0000d0 01df      	MOVW R26,R30
0000d1 e0ea      	LDI  R30,LOW(10)
0000d2 e0f0      	LDI  R31,HIGH(10)
0000d3 d16c      	RCALL __MODW21
0000d4 2eee      	MOV  R14,R30
                 ; 0000 0064 if(cifra0==0)
0000d5 20bb      	TST  R11
0000d6 f429      	BRNE _0x28
                 ; 0000 0065 {
                 ; 0000 0066 PORTA.0=0;  //pin 17 4E
0000d7 9810      	CBI  0x2,0
                 ; 0000 0067 PORTA.1=0;  //pin 18 4D
0000d8 d135      	RCALL SUBOPT_0x2
                 ; 0000 0068 PORTA.2=0;  //pin 19 4C
                 ; 0000 0069 PORTA.3=0;  //pin 20 4B
                 ; 0000 006A PORTA.4=0;  //pin 20 4A
                 ; 0000 006B PORTA.5=0;  //pin 20 4F
0000d9 9815      	CBI  0x2,5
                 ; 0000 006C PORTA.6=1;  //pin 20 4G
0000da 9a16      	SBI  0x2,6
                 ; 0000 006D }
                 ; 0000 006E else if(cifra0==1)
0000db c047      	RJMP _0x37
                 _0x28:
0000dc e0e1      	LDI  R30,LOW(1)
0000dd 15eb      	CP   R30,R11
0000de f421      	BRNE _0x38
                 ; 0000 006F {
                 ; 0000 0070 PORTA.0=1;  //pin 17 4E
0000df d133      	RCALL SUBOPT_0x3
                 ; 0000 0071 PORTA.1=1;  //pin 18 4D
                 ; 0000 0072 PORTA.2=0;  //pin 19 4C
                 ; 0000 0073 PORTA.3=0;  //pin 20 4B
                 ; 0000 0074 PORTA.4=1;  //pin 20 4A
                 ; 0000 0075 PORTA.5=1;  //pin 20 4F
0000e0 9a15      	SBI  0x2,5
                 ; 0000 0076 PORTA.6=1;  //pin 20 4G
0000e1 9a16      	SBI  0x2,6
                 ; 0000 0077 }
                 ; 0000 0078 else if(cifra0==2)
0000e2 c040      	RJMP _0x47
                 _0x38:
0000e3 e0e2      	LDI  R30,LOW(2)
0000e4 15eb      	CP   R30,R11
0000e5 f439      	BRNE _0x48
                 ; 0000 0079 {PORTA.0=0;  //pin 17 4E
0000e6 9810      	CBI  0x2,0
                 ; 0000 007A PORTA.1=0;  //pin 18 4D
0000e7 9811      	CBI  0x2,1
                 ; 0000 007B PORTA.2=1;  //pin 19 4C
0000e8 9a12      	SBI  0x2,2
                 ; 0000 007C PORTA.3=0;  //pin 20 4B
0000e9 9813      	CBI  0x2,3
                 ; 0000 007D PORTA.4=0;  //pin 20 4A
0000ea 9814      	CBI  0x2,4
                 ; 0000 007E PORTA.5=1;  //pin 20 4F
0000eb 9a15      	SBI  0x2,5
                 ; 0000 007F PORTA.6=0;  //pin 20 4G
0000ec c035      	RJMP _0x17A
                 ; 0000 0080 }
                 ; 0000 0081 else if(cifra0==3)
                 _0x48:
0000ed e0e3      	LDI  R30,LOW(3)
0000ee 15eb      	CP   R30,R11
0000ef f421      	BRNE _0x58
                 ; 0000 0082 {PORTA.0=1;  //pin 17 4E
0000f0 9a10      	SBI  0x2,0
                 ; 0000 0083 PORTA.1=0;  //pin 18 4D
0000f1 d11c      	RCALL SUBOPT_0x2
                 ; 0000 0084 PORTA.2=0;  //pin 19 4C
                 ; 0000 0085 PORTA.3=0;  //pin 20 4B
                 ; 0000 0086 PORTA.4=0;  //pin 20 4A
                 ; 0000 0087 PORTA.5=1;  //pin 20 4F
0000f2 9a15      	SBI  0x2,5
                 ; 0000 0088 PORTA.6=0;  //pin 20 4G
0000f3 c02e      	RJMP _0x17A
                 ; 0000 0089 }
                 ; 0000 008A else if(cifra0==4)
                 _0x58:
0000f4 e0e4      	LDI  R30,LOW(4)
0000f5 15eb      	CP   R30,R11
0000f6 f411      	BRNE _0x68
                 ; 0000 008B {PORTA.0=1;  //pin 17 4E
0000f7 d11b      	RCALL SUBOPT_0x3
                 ; 0000 008C PORTA.1=1;  //pin 18 4D
                 ; 0000 008D PORTA.2=0;  //pin 19 4C
                 ; 0000 008E PORTA.3=0;  //pin 20 4B
                 ; 0000 008F PORTA.4=1;  //pin 20 4A
                 ; 0000 0090 PORTA.5=0;  //pin 20 4F
0000f8 c028      	RJMP _0x17B
                 ; 0000 0091 PORTA.6=0;  //pin 20 4G
                 ; 0000 0092 }
                 ; 0000 0093 else if(cifra0==5)
                 _0x68:
0000f9 e0e5      	LDI  R30,LOW(5)
0000fa 15eb      	CP   R30,R11
0000fb f429      	BRNE _0x78
                 ; 0000 0094 {PORTA.0=1;  //pin 17 4E
0000fc 9a10      	SBI  0x2,0
                 ; 0000 0095 PORTA.1=0;  //pin 18 4D
0000fd 9811      	CBI  0x2,1
                 ; 0000 0096 PORTA.2=0;  //pin 19 4C
0000fe 9812      	CBI  0x2,2
                 ; 0000 0097 PORTA.3=1;  //pin 20 4B
0000ff 9a13      	SBI  0x2,3
                 ; 0000 0098 PORTA.4=0;  //pin 20 4A
000100 c01f      	RJMP _0x17C
                 ; 0000 0099 PORTA.5=0;  //pin 20 4F
                 ; 0000 009A PORTA.6=0;  //pin 20 4G
                 ; 0000 009B }
                 ; 0000 009C else if(cifra0==6)
                 _0x78:
000101 e0e6      	LDI  R30,LOW(6)
000102 15eb      	CP   R30,R11
000103 f429      	BRNE _0x88
                 ; 0000 009D {PORTA.0=0;  //pin 17 4E
000104 9810      	CBI  0x2,0
                 ; 0000 009E PORTA.1=0;  //pin 18 4D
000105 9811      	CBI  0x2,1
                 ; 0000 009F PORTA.2=0;  //pin 19 4C
000106 9812      	CBI  0x2,2
                 ; 0000 00A0 PORTA.3=1;  //pin 20 4B
000107 9a13      	SBI  0x2,3
                 ; 0000 00A1 PORTA.4=0;  //pin 20 4A
000108 c017      	RJMP _0x17C
                 ; 0000 00A2 PORTA.5=0;  //pin 20 4F
                 ; 0000 00A3 PORTA.6=0;  //pin 20 4G
                 ; 0000 00A4 }
                 ; 0000 00A5 else if(cifra0==7)
                 _0x88:
000109 e0e7      	LDI  R30,LOW(7)
00010a 15eb      	CP   R30,R11
00010b f441      	BRNE _0x98
                 ; 0000 00A6 {PORTA.0=1;  //pin 17 4E
00010c 9a10      	SBI  0x2,0
                 ; 0000 00A7 PORTA.1=1;  //pin 18 4D
00010d 9a11      	SBI  0x2,1
                 ; 0000 00A8 PORTA.2=0;  //pin 19 4C
00010e 9812      	CBI  0x2,2
                 ; 0000 00A9 PORTA.3=0;  //pin 20 4B
00010f 9813      	CBI  0x2,3
                 ; 0000 00AA PORTA.4=0;  //pin 20 4A
000110 9814      	CBI  0x2,4
                 ; 0000 00AB PORTA.5=1;  //pin 20 4F
000111 9a15      	SBI  0x2,5
                 ; 0000 00AC PORTA.6=1;  //pin 20 4G
000112 9a16      	SBI  0x2,6
                 ; 0000 00AD }
                 ; 0000 00AE else if(cifra0==8)
000113 c00f      	RJMP _0xA7
                 _0x98:
000114 e0e8      	LDI  R30,LOW(8)
000115 15eb      	CP   R30,R11
000116 f411      	BRNE _0xA8
                 ; 0000 00AF {PORTA.0=0;  //pin 17 4E
000117 9810      	CBI  0x2,0
                 ; 0000 00B0 PORTA.1=0;  //pin 18 4D
000118 c004      	RJMP _0x17D
                 ; 0000 00B1 PORTA.2=0;  //pin 19 4C
                 ; 0000 00B2 PORTA.3=0;  //pin 20 4B
                 ; 0000 00B3 PORTA.4=0;  //pin 20 4A
                 ; 0000 00B4 PORTA.5=0;  //pin 20 4F
                 ; 0000 00B5 PORTA.6=0;  //pin 20 4G
                 ; 0000 00B6 }
                 ; 0000 00B7 else if(cifra0==9)
                 _0xA8:
000119 e0e9      	LDI  R30,LOW(9)
00011a 15eb      	CP   R30,R11
00011b f439      	BRNE _0xB8
                 ; 0000 00B8 {PORTA.0=1;  //pin 17 4E
00011c 9a10      	SBI  0x2,0
                 ; 0000 00B9 PORTA.1=0;  //pin 18 4D
                 _0x17D:
00011d 9811      	CBI  0x2,1
                 ; 0000 00BA PORTA.2=0;  //pin 19 4C
00011e 9812      	CBI  0x2,2
                 ; 0000 00BB PORTA.3=0;  //pin 20 4B
00011f 9813      	CBI  0x2,3
                 ; 0000 00BC PORTA.4=0;  //pin 20 4A
                 _0x17C:
000120 9814      	CBI  0x2,4
                 ; 0000 00BD PORTA.5=0;  //pin 20 4F
                 _0x17B:
000121 9815      	CBI  0x2,5
                 ; 0000 00BE PORTA.6=0;  //pin 20 4G
                 _0x17A:
000122 9816      	CBI  0x2,6
                 ; 0000 00BF }
                 ; 0000 00C0 if(cifra1==0)
                 _0xB8:
                 _0xA7:
                 _0x47:
                 _0x37:
000123 20ee      	TST  R14
000124 f429      	BRNE _0xC7
                 ; 0000 00C1 {
                 ; 0000 00C2 PORTA.7=0;  // pin 13 3E
000125 9817      	CBI  0x2,7
                 ; 0000 00C3 PORTD.7=0;  // pin 14 3D
000126 d0f2      	RCALL SUBOPT_0x4
                 ; 0000 00C4 PORTB.0=0;  // pin 15 3C
                 ; 0000 00C5 PORTB.1=0;  // pin 24 3B
                 ; 0000 00C6 PORTB.2=0;  // pin 25 3A
                 ; 0000 00C7 PORTB.3=0;  // pin 26 3F
000127 982b      	CBI  0x5,3
                 ; 0000 00C8 PORTB.4=1;  // pin 27 3G
000128 9a2c      	SBI  0x5,4
                 ; 0000 00C9 }
                 ; 0000 00CA else if(cifra1==1)
000129 c04d      	RJMP _0xD6
                 _0xC7:
00012a e0e1      	LDI  R30,LOW(1)
00012b 15ee      	CP   R30,R14
00012c f421      	BRNE _0xD7
                 ; 0000 00CB {
                 ; 0000 00CC PORTA.7=1;  // pin 13 3E
00012d d0f0      	RCALL SUBOPT_0x5
                 ; 0000 00CD PORTD.7=1;  // pin 14 3D
                 ; 0000 00CE PORTB.0=0;  // pin 15 3C
                 ; 0000 00CF PORTB.1=0;  // pin 24 3B
                 ; 0000 00D0 PORTB.2=1;  // pin 25 3A
                 ; 0000 00D1 PORTB.3=1;  // pin 26 3F
00012e 9a2b      	SBI  0x5,3
                 ; 0000 00D2 PORTB.4=1;  // pin 27 3G
00012f 9a2c      	SBI  0x5,4
                 ; 0000 00D3 }
                 ; 0000 00D4 else if(cifra1==2)
000130 c046      	RJMP _0xE6
                 _0xD7:
000131 e0e2      	LDI  R30,LOW(2)
000132 15ee      	CP   R30,R14
000133 f439      	BRNE _0xE7
                 ; 0000 00D5 {
                 ; 0000 00D6 PORTA.7=0;  // pin 13 3E
000134 9817      	CBI  0x2,7
                 ; 0000 00D7 PORTD.7=0;  // pin 14 3D
000135 985f      	CBI  0xB,7
                 ; 0000 00D8 PORTB.0=1;  // pin 15 3C
000136 9a28      	SBI  0x5,0
                 ; 0000 00D9 PORTB.1=0;  // pin 24 3B
000137 9829      	CBI  0x5,1
                 ; 0000 00DA PORTB.2=0;  // pin 25 3A
000138 982a      	CBI  0x5,2
                 ; 0000 00DB PORTB.3=1;  // pin 26 3F
000139 9a2b      	SBI  0x5,3
                 ; 0000 00DC PORTB.4=0;  // pin 27 3G
00013a c03b      	RJMP _0x17E
                 ; 0000 00DD }
                 ; 0000 00DE else if(cifra1==3)
                 _0xE7:
00013b e0e3      	LDI  R30,LOW(3)
00013c 15ee      	CP   R30,R14
00013d f421      	BRNE _0xF7
                 ; 0000 00DF {
                 ; 0000 00E0 PORTA.7=1;  // pin 13 3E
00013e 9a17      	SBI  0x2,7
                 ; 0000 00E1 PORTD.7=0;  // pin 14 3D
00013f d0d9      	RCALL SUBOPT_0x4
                 ; 0000 00E2 PORTB.0=0;  // pin 15 3C
                 ; 0000 00E3 PORTB.1=0;  // pin 24 3B
                 ; 0000 00E4 PORTB.2=0;  // pin 25 3A
                 ; 0000 00E5 PORTB.3=1;  // pin 26 3F
000140 9a2b      	SBI  0x5,3
                 ; 0000 00E6 PORTB.4=0;  // pin 27 3G
000141 c034      	RJMP _0x17E
                 ; 0000 00E7 }
                 ; 0000 00E8 else if(cifra1==4)
                 _0xF7:
000142 e0e4      	LDI  R30,LOW(4)
000143 15ee      	CP   R30,R14
000144 f411      	BRNE _0x107
                 ; 0000 00E9 {
                 ; 0000 00EA PORTA.7=1;  // pin 13 3E
000145 d0d8      	RCALL SUBOPT_0x5
                 ; 0000 00EB PORTD.7=1;  // pin 14 3D
                 ; 0000 00EC PORTB.0=0;  // pin 15 3C
                 ; 0000 00ED PORTB.1=0;  // pin 24 3B
                 ; 0000 00EE PORTB.2=1;  // pin 25 3A
                 ; 0000 00EF PORTB.3=0;  // pin 26 3F
000146 c02e      	RJMP _0x17F
                 ; 0000 00F0 PORTB.4=0;  // pin 27 3G
                 ; 0000 00F1 }
                 ; 0000 00F2 else if(cifra1==5)
                 _0x107:
000147 e0e5      	LDI  R30,LOW(5)
000148 15ee      	CP   R30,R14
000149 f429      	BRNE _0x117
                 ; 0000 00F3 {
                 ; 0000 00F4 PORTA.7=1;  // pin 13 3E
00014a 9a17      	SBI  0x2,7
                 ; 0000 00F5 PORTD.7=0;  // pin 14 3D
00014b 985f      	CBI  0xB,7
                 ; 0000 00F6 PORTB.0=0;  // pin 15 3C
00014c 9828      	CBI  0x5,0
                 ; 0000 00F7 PORTB.1=1;  // pin 24 3B
00014d 9a29      	SBI  0x5,1
                 ; 0000 00F8 PORTB.2=0;  // pin 25 3A
00014e c025      	RJMP _0x180
                 ; 0000 00F9 PORTB.3=0;  // pin 26 3F
                 ; 0000 00FA PORTB.4=0;  // pin 27 3G
                 ; 0000 00FB }
                 ; 0000 00FC else if(cifra1==6)
                 _0x117:
00014f e0e6      	LDI  R30,LOW(6)
000150 15ee      	CP   R30,R14
000151 f429      	BRNE _0x127
                 ; 0000 00FD {
                 ; 0000 00FE PORTA.7=0;  // pin 13 3E
000152 9817      	CBI  0x2,7
                 ; 0000 00FF PORTD.7=0;  // pin 14 3D
000153 985f      	CBI  0xB,7
                 ; 0000 0100 PORTB.0=0;  // pin 15 3C
000154 9828      	CBI  0x5,0
                 ; 0000 0101 PORTB.1=1;  // pin 24 3B
000155 9a29      	SBI  0x5,1
                 ; 0000 0102 PORTB.2=0;  // pin 25 3A
000156 c01d      	RJMP _0x180
                 ; 0000 0103 PORTB.3=0;  // pin 26 3F
                 ; 0000 0104 PORTB.4=0;  // pin 27 3G
                 ; 0000 0105 }
                 ; 0000 0106 else if(cifra1==7)
                 _0x127:
000157 e0e7      	LDI  R30,LOW(7)
000158 15ee      	CP   R30,R14
000159 f441      	BRNE _0x137
                 ; 0000 0107 {
                 ; 0000 0108 PORTA.7=1;  // pin 13 3E
00015a 9a17      	SBI  0x2,7
                 ; 0000 0109 PORTD.7=1;  // pin 14 3D
00015b 9a5f      	SBI  0xB,7
                 ; 0000 010A PORTB.0=0;  // pin 15 3C
00015c 9828      	CBI  0x5,0
                 ; 0000 010B PORTB.1=0;  // pin 24 3B
00015d 9829      	CBI  0x5,1
                 ; 0000 010C PORTB.2=0;  // pin 25 3A
00015e 982a      	CBI  0x5,2
                 ; 0000 010D PORTB.3=1;  // pin 26 3F
00015f 9a2b      	SBI  0x5,3
                 ; 0000 010E PORTB.4=1;  // pin 27 3G
000160 9a2c      	SBI  0x5,4
                 ; 0000 010F }
                 ; 0000 0110 else if(cifra1==8)
000161 c015      	RJMP _0x146
                 _0x137:
000162 e0e8      	LDI  R30,LOW(8)
000163 15ee      	CP   R30,R14
000164 f441      	BRNE _0x147
                 ; 0000 0111 {
                 ; 0000 0112 PORTA.7=1;  // pin 13 3E
000165 9a17      	SBI  0x2,7
                 ; 0000 0113 PORTD.7=1;  // pin 14 3D
000166 9a5f      	SBI  0xB,7
                 ; 0000 0114 PORTB.0=1;  // pin 15 3C
000167 9a28      	SBI  0x5,0
                 ; 0000 0115 PORTB.1=1;  // pin 24 3B
000168 9a29      	SBI  0x5,1
                 ; 0000 0116 PORTB.2=1;  // pin 25 3A
000169 9a2a      	SBI  0x5,2
                 ; 0000 0117 PORTB.3=1;  // pin 26 3F
00016a 9a2b      	SBI  0x5,3
                 ; 0000 0118 PORTB.4=1;  // pin 27 3G
00016b 9a2c      	SBI  0x5,4
                 ; 0000 0119 }
                 ; 0000 011A else if(cifra1==9)
00016c c00a      	RJMP _0x156
                 _0x147:
00016d e0e9      	LDI  R30,LOW(9)
00016e 15ee      	CP   R30,R14
00016f f439      	BRNE _0x157
                 ; 0000 011B {
                 ; 0000 011C PORTA.7=1;  // pin 13 3E
000170 9a17      	SBI  0x2,7
                 ; 0000 011D PORTD.7=0;  // pin 14 3D
000171 985f      	CBI  0xB,7
                 ; 0000 011E PORTB.0=0;  // pin 15 3C
000172 9828      	CBI  0x5,0
                 ; 0000 011F PORTB.1=0;  // pin 24 3B
000173 9829      	CBI  0x5,1
                 ; 0000 0120 PORTB.2=0;  // pin 25 3A
                 _0x180:
000174 982a      	CBI  0x5,2
                 ; 0000 0121 PORTB.3=0;  // pin 26 3F
                 _0x17F:
000175 982b      	CBI  0x5,3
                 ; 0000 0122 PORTB.4=0;  // pin 27 3G
                 _0x17E:
000176 982c      	CBI  0x5,4
                 ; 0000 0123 }
                 ; 0000 0124 }
                 _0x157:
                 _0x156:
                 _0x146:
                 _0xE6:
                 _0xD6:
000177 9119      	LD   R17,Y+
000178 9508      	RET
                 ; .FEND
                 ;
                 ;
                 ;char ValAfisorButon(void){
                 ; 0000 0127 char ValAfisorButon(void){
                 _ValAfisorButon:
                 ; .FSTART _ValAfisorButon
                 ; 0000 0128 char SUMA;
                 ; 0000 0129 char i;
                 ; 0000 012A if(PIND.5==0)//buton apasat   butonul este portD5, cu portD6 allways on pentru LED
000179 931a      	ST   -Y,R17
00017a 930a      	ST   -Y,R16
                 ;	SUMA -> R17
                 ;	i -> R16
00017b 994d      	SBIC 0x9,5
00017c c00e      	RJMP _0x166
                 ; 0000 012B  {// ne va afisa ultimele 24 de ore de consum
                 ; 0000 012C   SUMA=0;
00017d e010      	LDI  R17,LOW(0)
                 ; 0000 012D   if(consZi==0)
00017e 2099      	TST  R9
00017f f449      	BRNE _0x167
                 ; 0000 012E   {for(i=0;i<contorHr;i++)
000180 e000      	LDI  R16,LOW(0)
                 _0x169:
000181 1505      	CP   R16,R5
000182 f428      	BRSH _0x16A
                 ; 0000 012F   {   SUMA=SUMA+arrayOre[i];
000183 2fe0      	MOV  R30,R16
000184 d084      	RCALL SUBOPT_0x1
000185 0f1e      	ADD  R17,R30
                 ; 0000 0130   // ne va arata consumul pana la ora curenta de la pornire
                 ; 0000 0131   }
000186 5f0f      	SUBI R16,-1
000187 cff9      	RJMP _0x169
                 _0x16A:
                 ; 0000 0132   }
                 ; 0000 0133   else{
000188 c001      	RJMP _0x16B
                 _0x167:
                 ; 0000 0134   SUMA=consZi;
000189 2d19      	MOV  R17,R9
                 ; 0000 0135   }
                 _0x16B:
                 ; 0000 0136   return val_afisor=SUMA;
00018a c001      	RJMP _0x2000001
                 ; 0000 0137   //sfarsitul buton apasat
                 ; 0000 0138  }
                 ; 0000 0139    else
                 _0x166:
                 ; 0000 013A   {SUMA=totalConsum;
00018b 2d1a      	MOV  R17,R10
                 ; 0000 013B         }
                 ; 0000 013C    return val_afisor=SUMA;
                 _0x2000001:
00018c 2fe1      	MOV  R30,R17
00018d 2e8e      	MOV  R8,R30
00018e 9109      	LD   R16,Y+
00018f 9119      	LD   R17,Y+
000190 9508      	RET
                 ; 0000 013D   }
                 ; .FEND
                 ;
                 ;
                 ;
                 ;void main(void)
                 ; 0000 0142 {
                 _main:
                 ; .FSTART _main
                 ; 0000 0143 // Declare your local variables here
                 ; 0000 0144  //DSP ar trebui sa trimita ceva de genul 00100 pentru un puls simplu
                 ; 0000 0145 // Crystal Oscillator division factor: 1
                 ; 0000 0146 #pragma optsize-
                 ; 0000 0147 CLKPR=(1<<CLKPCE);
000191 e8e0      	LDI  R30,LOW(128)
000192 93e0 0061 	STS  97,R30
                 ; 0000 0148 CLKPR=(0<<CLKPCE) | (0<<CLKPS3) | (0<<CLKPS2) | (0<<CLKPS1) | (0<<CLKPS0);
000194 e0e0      	LDI  R30,LOW(0)
000195 93e0 0061 	STS  97,R30
                 ; 0000 0149 #ifdef _OPTIMIZE_SIZE_
                 ; 0000 014A #pragma optsize+
                 ; 0000 014B #endif
                 ; 0000 014C 
                 ; 0000 014D // Input/Output Ports initialization
                 ; 0000 014E // Port A initialization
                 ; 0000 014F // Function: Bit7=Out Bit6=Out Bit5=Out Bit4=Out Bit3=Out Bit2=Out Bit1=Out Bit0=Out
                 ; 0000 0150 DDRA=(1<<DDA7) | (1<<DDA6) | (1<<DDA5) | (1<<DDA4) | (1<<DDA3) | (1<<DDA2) | (1<<DDA1) | (1<<DDA0);
000197 efef      	LDI  R30,LOW(255)
000198 b9e1      	OUT  0x1,R30
                 ; 0000 0151 // State: Bit7=1 Bit6=1 Bit5=1 Bit4=1 Bit3=1 Bit2=1 Bit1=1 Bit0=1
                 ; 0000 0152 PORTA=(1<<PORTA7) | (1<<PORTA6) | (1<<PORTA5) | (1<<PORTA4) | (1<<PORTA3) | (1<<PORTA2) | (1<<PORTA1) | (1<<PORTA0);
000199 b9e2      	OUT  0x2,R30
                 ; 0000 0153 
                 ; 0000 0154 // Port B initialization
                 ; 0000 0155 // Function: Bit7=In Bit6=In Bit5=In Bit4=Out Bit3=Out Bit2=Out Bit1=Out Bit0=Out
                 ; 0000 0156 DDRB=(0<<DDB7) | (0<<DDB6) | (0<<DDB5) | (1<<DDB4) | (1<<DDB3) | (1<<DDB2) | (1<<DDB1) | (1<<DDB0);
00019a e1ef      	LDI  R30,LOW(31)
00019b b9e4      	OUT  0x4,R30
                 ; 0000 0157 // State: Bit7=T Bit6=T Bit5=T Bit4=1 Bit3=1 Bit2=1 Bit1=1 Bit0=1
                 ; 0000 0158 PORTB=(0<<PORTB7) | (0<<PORTB6) | (0<<PORTB5) | (1<<PORTB4) | (1<<PORTB3) | (1<<PORTB2) | (1<<PORTB1) | (1<<PORTB0);
00019c b9e5      	OUT  0x5,R30
                 ; 0000 0159 
                 ; 0000 015A // Port C initialization
                 ; 0000 015B // Function: Bit7=In Bit6=In Bit5=In Bit4=In Bit3=In Bit2=In Bit1=In Bit0=In
                 ; 0000 015C DDRC=(0<<DDC7) | (0<<DDC6) | (0<<DDC5) | (0<<DDC4) | (0<<DDC3) | (0<<DDC2) | (0<<DDC1) | (0<<DDC0);
00019d e0e0      	LDI  R30,LOW(0)
00019e b9e7      	OUT  0x7,R30
                 ; 0000 015D // State: Bit7=P Bit6=P Bit5=P Bit4=P Bit3=P Bit2=P Bit1=P Bit0=P
                 ; 0000 015E PORTC=(1<<PORTC7) | (1<<PORTC6) | (1<<PORTC5) | (1<<PORTC4) | (1<<PORTC3) | (1<<PORTC2) | (1<<PORTC1) | (1<<PORTC0);
00019f efef      	LDI  R30,LOW(255)
0001a0 b9e8      	OUT  0x8,R30
                 ; 0000 015F 
                 ; 0000 0160 // Port D initialization
                 ; 0000 0161 // Function: Bit7=Out Bit6=In Bit5=In Bit4=Out Bit3=Out Bit2=Out Bit1=In Bit0=In
                 ; 0000 0162 DDRD=(1<<DDD7) | (0<<DDD6) | (0<<DDD5) | (1<<DDD4) | (1<<DDD3) | (1<<DDD2) | (0<<DDD1) | (0<<DDD0);
0001a1 e9ec      	LDI  R30,LOW(156)
0001a2 b9ea      	OUT  0xA,R30
                 ; 0000 0163 // State: Bit7=1 Bit6=T Bit5=T Bit4=1 Bit3=1 Bit2=1 Bit1=T Bit0=T
                 ; 0000 0164 PORTD=(1<<PORTD7) | (0<<PORTD6) | (0<<PORTD5) | (1<<PORTD4) | (1<<PORTD3) | (1<<PORTD2) | (0<<PORTD1) | (0<<PORTD0);
0001a3 b9eb      	OUT  0xB,R30
                 ; 0000 0165 
                 ; 0000 0166 // Timer/Counter 0 initialization
                 ; 0000 0167 // Clock source: System Clock
                 ; 0000 0168 // Clock value: 19.531 kHz
                 ; 0000 0169 // Mode: Normal top=0xFF
                 ; 0000 016A // OC0A output: Disconnected
                 ; 0000 016B // OC0B output: Disconnected
                 ; 0000 016C // Timer Period: 10.035 ms
                 ; 0000 016D TCCR0A=(0<<COM0A1) | (0<<COM0A0) | (0<<COM0B1) | (0<<COM0B0) | (0<<WGM01) | (0<<WGM00);
0001a4 e0e0      	LDI  R30,LOW(0)
0001a5 bde4      	OUT  0x24,R30
                 ; 0000 016E TCCR0B=(0<<WGM02) | (1<<CS02) | (0<<CS01) | (1<<CS00);
0001a6 e0e5      	LDI  R30,LOW(5)
0001a7 bde5      	OUT  0x25,R30
                 ; 0000 016F TCNT0=0x3C;
0001a8 e3ec      	LDI  R30,LOW(60)
0001a9 bde6      	OUT  0x26,R30
                 ; 0000 0170 OCR0A=0x00;
0001aa e0e0      	LDI  R30,LOW(0)
0001ab bde7      	OUT  0x27,R30
                 ; 0000 0171 OCR0B=0x00;
0001ac bde8      	OUT  0x28,R30
                 ; 0000 0172 
                 ; 0000 0173 // Timer/Counter 1 initialization
                 ; 0000 0174 // Clock source: System Clock
                 ; 0000 0175 // Clock value: Timer1 Stopped
                 ; 0000 0176 // Mode: Normal top=0xFFFF
                 ; 0000 0177 // OC1A output: Disconnected
                 ; 0000 0178 // OC1B output: Disconnected
                 ; 0000 0179 // Noise Canceler: Off
                 ; 0000 017A // Input Capture on Falling Edge
                 ; 0000 017B // Timer1 Overflow Interrupt: Off
                 ; 0000 017C // Input Capture Interrupt: Off
                 ; 0000 017D // Compare A Match Interrupt: Off
                 ; 0000 017E // Compare B Match Interrupt: Off
                 ; 0000 017F TCCR1A=(0<<COM1A1) | (0<<COM1A0) | (0<<COM1B1) | (0<<COM1B0) | (0<<WGM11) | (0<<WGM10);
0001ad 93e0 0080 	STS  128,R30
                 ; 0000 0180 TCCR1B=(0<<ICNC1) | (0<<ICES1) | (0<<WGM13) | (0<<WGM12) | (0<<CS12) | (0<<CS11) | (0<<CS10);
0001af 93e0 0081 	STS  129,R30
                 ; 0000 0181 TCNT1H=0x00;
0001b1 93e0 0085 	STS  133,R30
                 ; 0000 0182 TCNT1L=0x00;
0001b3 93e0 0084 	STS  132,R30
                 ; 0000 0183 ICR1H=0x00;
0001b5 93e0 0087 	STS  135,R30
                 ; 0000 0184 ICR1L=0x00;
0001b7 93e0 0086 	STS  134,R30
                 ; 0000 0185 OCR1AH=0x00;
0001b9 93e0 0089 	STS  137,R30
                 ; 0000 0186 OCR1AL=0x00;
0001bb 93e0 0088 	STS  136,R30
                 ; 0000 0187 OCR1BH=0x00;
0001bd 93e0 008b 	STS  139,R30
                 ; 0000 0188 OCR1BL=0x00;
0001bf 93e0 008a 	STS  138,R30
                 ; 0000 0189 
                 ; 0000 018A // Timer/Counter 2 initialization
                 ; 0000 018B // Clock source: System Clock
                 ; 0000 018C // Clock value: Timer2 Stopped
                 ; 0000 018D // Mode: Normal top=0xFF
                 ; 0000 018E // OC2A output: Disconnected
                 ; 0000 018F // OC2B output: Disconnected
                 ; 0000 0190 ASSR=(0<<EXCLK) | (0<<AS2);
0001c1 93e0 00b6 	STS  182,R30
                 ; 0000 0191 TCCR2A=(0<<COM2A1) | (0<<COM2A0) | (0<<COM2B1) | (0<<COM2B0) | (0<<WGM21) | (0<<WGM20);
0001c3 93e0 00b0 	STS  176,R30
                 ; 0000 0192 TCCR2B=(0<<WGM22) | (0<<CS22) | (0<<CS21) | (0<<CS20);
0001c5 93e0 00b1 	STS  177,R30
                 ; 0000 0193 TCNT2=0x00;
0001c7 93e0 00b2 	STS  178,R30
                 ; 0000 0194 OCR2A=0x00;
0001c9 93e0 00b3 	STS  179,R30
                 ; 0000 0195 OCR2B=0x00;
0001cb 93e0 00b4 	STS  180,R30
                 ; 0000 0196 
                 ; 0000 0197 // Timer/Counter 0 Interrupt(s) initialization
                 ; 0000 0198 TIMSK0=(0<<OCIE0B) | (0<<OCIE0A) | (1<<TOIE0);
0001cd e0e1      	LDI  R30,LOW(1)
0001ce 93e0 006e 	STS  110,R30
                 ; 0000 0199 
                 ; 0000 019A // Timer/Counter 1 Interrupt(s) initialization
                 ; 0000 019B TIMSK1=(0<<ICIE1) | (0<<OCIE1B) | (0<<OCIE1A) | (0<<TOIE1);
0001d0 e0e0      	LDI  R30,LOW(0)
0001d1 93e0 006f 	STS  111,R30
                 ; 0000 019C 
                 ; 0000 019D // Timer/Counter 2 Interrupt(s) initialization
                 ; 0000 019E TIMSK2=(0<<OCIE2B) | (0<<OCIE2A) | (0<<TOIE2);
0001d3 93e0 0070 	STS  112,R30
                 ; 0000 019F 
                 ; 0000 01A0 // External Interrupt(s) initialization
                 ; 0000 01A1 // INT0: Off
                 ; 0000 01A2 // INT1: Off
                 ; 0000 01A3 // INT2: Off
                 ; 0000 01A4 // Interrupt on any change on pins PCINT0-7: Off
                 ; 0000 01A5 // Interrupt on any change on pins PCINT8-15: Off
                 ; 0000 01A6 // Interrupt on any change on pins PCINT16-23: Off
                 ; 0000 01A7 // Interrupt on any change on pins PCINT24-31: Off
                 ; 0000 01A8 EICRA=(0<<ISC21) | (0<<ISC20) | (0<<ISC11) | (0<<ISC10) | (0<<ISC01) | (0<<ISC00);
0001d5 93e0 0069 	STS  105,R30
                 ; 0000 01A9 EIMSK=(0<<INT2) | (0<<INT1) | (0<<INT0);
0001d7 bbed      	OUT  0x1D,R30
                 ; 0000 01AA PCICR=(0<<PCIE3) | (0<<PCIE2) | (0<<PCIE1) | (0<<PCIE0);
0001d8 93e0 0068 	STS  104,R30
                 ; 0000 01AB 
                 ; 0000 01AC // USART0 initialization
                 ; 0000 01AD // USART0 disabled
                 ; 0000 01AE UCSR0B=(0<<RXCIE0) | (0<<TXCIE0) | (0<<UDRIE0) | (0<<RXEN0) | (0<<TXEN0) | (0<<UCSZ02) | (0<<RXB80) | (0<<TXB80);
0001da 93e0 00c1 	STS  193,R30
                 ; 0000 01AF 
                 ; 0000 01B0 // USART1 initialization
                 ; 0000 01B1 // USART1 disabled
                 ; 0000 01B2 UCSR1B=(0<<RXCIE1) | (0<<TXCIE1) | (0<<UDRIE1) | (0<<RXEN1) | (0<<TXEN1) | (0<<UCSZ12) | (0<<RXB81) | (0<<TXB81);
0001dc 93e0 00c9 	STS  201,R30
                 ; 0000 01B3 
                 ; 0000 01B4 // Analog Comparator initialization
                 ; 0000 01B5 // Analog Comparator: Off
                 ; 0000 01B6 // The Analog Comparator's positive input is
                 ; 0000 01B7 // connected to the AIN0 pin
                 ; 0000 01B8 // The Analog Comparator's negative input is
                 ; 0000 01B9 // connected to the AIN1 pin
                 ; 0000 01BA ACSR=(1<<ACD) | (0<<ACBG) | (0<<ACO) | (0<<ACI) | (0<<ACIE) | (0<<ACIC) | (0<<ACIS1) | (0<<ACIS0);
0001de e8e0      	LDI  R30,LOW(128)
0001df bfe0      	OUT  0x30,R30
                 ; 0000 01BB ADCSRB=(0<<ACME);
0001e0 e0e0      	LDI  R30,LOW(0)
0001e1 93e0 007b 	STS  123,R30
                 ; 0000 01BC // Digital input buffer on AIN0: On
                 ; 0000 01BD // Digital input buffer on AIN1: On
                 ; 0000 01BE DIDR1=(0<<AIN0D) | (0<<AIN1D);
0001e3 93e0 007f 	STS  127,R30
                 ; 0000 01BF 
                 ; 0000 01C0 // ADC initialization
                 ; 0000 01C1 // ADC disabled
                 ; 0000 01C2 ADCSRA=(0<<ADEN) | (0<<ADSC) | (0<<ADATE) | (0<<ADIF) | (0<<ADIE) | (0<<ADPS2) | (0<<ADPS1) | (0<<ADPS0);
0001e5 93e0 007a 	STS  122,R30
                 ; 0000 01C3 
                 ; 0000 01C4 // SPI initialization
                 ; 0000 01C5 // SPI disabled
                 ; 0000 01C6 SPCR=(0<<SPIE) | (0<<SPE) | (0<<DORD) | (0<<MSTR) | (0<<CPOL) | (0<<CPHA) | (0<<SPR1) | (0<<SPR0);
0001e7 bdec      	OUT  0x2C,R30
                 ; 0000 01C7 
                 ; 0000 01C8 // TWI initialization
                 ; 0000 01C9 // TWI disabled
                 ; 0000 01CA TWCR=(0<<TWEA) | (0<<TWSTA) | (0<<TWSTO) | (0<<TWEN) | (0<<TWIE);
0001e8 93e0 00bc 	STS  188,R30
                 ; 0000 01CB 
                 ; 0000 01CC // Globally enable interrupts
                 ; 0000 01CD #asm("sei")
0001ea 9478      	SEI
                 ; 0000 01CE PIND.6=1;
0001eb 9a4e      	SBI  0x9,6
                 ; 0000 01CF while (1)
                 _0x16F:
                 ; 0000 01D0       {
                 ; 0000 01D1       LED_Stare_Curent();
0001ec dec4      	RCALL _LED_Stare_Curent
                 ; 0000 01D2       if(PINC.0==1 )
0001ed 9b30      	SBIS 0x6,0
0001ee c006      	RJMP _0x172
                 ; 0000 01D3       {
                 ; 0000 01D4         cont_pulse=0;
0001ef 2477      	CLR  R7
                 ; 0000 01D5         while(PINC.0!=0)
                 _0x173:
0001f0 9b30      	SBIS 0x6,0
0001f1 c003      	RJMP _0x175
                 ; 0000 01D6           {if(PINC.1==1)
0001f2 9931      	SBIC 0x6,1
                 ; 0000 01D7             {
                 ; 0000 01D8             cont_pulse=cont_pulse+1;
0001f3 9473      	INC  R7
                 ; 0000 01D9             }
                 ; 0000 01DA           }
0001f4 cffb      	RJMP _0x173
                 _0x175:
                 ; 0000 01DB       }
                 ; 0000 01DC       totalConsum=totalConsum+cont_pulse;
                 _0x172:
0001f5 0ca7      	ADD  R10,R7
                 ; 0000 01DD       arrayOre[contorHr]= arrayOre[contorHr]+cont_pulse;
0001f6 2da5      	MOV  R26,R5
0001f7 e0b0      	LDI  R27,0
0001f8 50a0      	SUBI R26,LOW(-_arrayOre)
0001f9 4fbe      	SBCI R27,HIGH(-_arrayOre)
0001fa 2de5      	MOV  R30,R5
0001fb d00d      	RCALL SUBOPT_0x1
0001fc 0de7      	ADD  R30,R7
0001fd 93ec      	ST   X,R30
                 ; 0000 01DE       Afisor_2Cifre(ValAfisorButon());
0001fe df7a      	RCALL _ValAfisorButon
0001ff 2fae      	MOV  R26,R30
000200 dec3      	RCALL _Afisor_2Cifre
                 ; 0000 01DF       }
000201 cfea      	RJMP _0x16F
                 ; 0000 01E0 }
                 _0x177:
000202 cfff      	RJMP _0x177
                 ; .FEND
                 
                 	.DSEG
                 _arrayOre:
000200           	.BYTE 0x18
                 
                 	.CSEG
                 ;OPTIMIZER ADDED SUBROUTINE, CALLED 2 TIMES, CODE SIZE REDUCTION:2 WORDS
                 SUBOPT_0x0:
000203 27bb      	CLR  R27
000204 e3ec      	LDI  R30,LOW(60)
000205 e0f0      	LDI  R31,HIGH(60)
000206 d039      	RCALL __MODW21
000207 9730      	SBIW R30,0
000208 9508      	RET
                 
                 ;OPTIMIZER ADDED SUBROUTINE, CALLED 3 TIMES, CODE SIZE REDUCTION:4 WORDS
                 SUBOPT_0x1:
000209 e0f0      	LDI  R31,0
00020a 50e0      	SUBI R30,LOW(-_arrayOre)
00020b 4ffe      	SBCI R31,HIGH(-_arrayOre)
00020c 81e0      	LD   R30,Z
00020d 9508      	RET
                 
                 ;OPTIMIZER ADDED SUBROUTINE, CALLED 2 TIMES, CODE SIZE REDUCTION:1 WORDS
                 SUBOPT_0x2:
00020e 9811      	CBI  0x2,1
00020f 9812      	CBI  0x2,2
000210 9813      	CBI  0x2,3
000211 9814      	CBI  0x2,4
000212 9508      	RET
                 
                 ;OPTIMIZER ADDED SUBROUTINE, CALLED 2 TIMES, CODE SIZE REDUCTION:2 WORDS
                 SUBOPT_0x3:
000213 9a10      	SBI  0x2,0
000214 9a11      	SBI  0x2,1
000215 9812      	CBI  0x2,2
000216 9813      	CBI  0x2,3
000217 9a14      	SBI  0x2,4
000218 9508      	RET
                 
                 ;OPTIMIZER ADDED SUBROUTINE, CALLED 2 TIMES, CODE SIZE REDUCTION:1 WORDS
                 SUBOPT_0x4:
000219 985f      	CBI  0xB,7
00021a 9828      	CBI  0x5,0
00021b 9829      	CBI  0x5,1
00021c 982a      	CBI  0x5,2
00021d 9508      	RET
                 
                 ;OPTIMIZER ADDED SUBROUTINE, CALLED 2 TIMES, CODE SIZE REDUCTION:2 WORDS
                 SUBOPT_0x5:
00021e 9a17      	SBI  0x2,7
00021f 9a5f      	SBI  0xB,7
000220 9828      	CBI  0x5,0
000221 9829      	CBI  0x5,1
000222 9a2a      	SBI  0x5,2
000223 9508      	RET
                 
                 ;RUNTIME LIBRARY
                 
                 	.CSEG
                 __ANEGW1:
000224 95f1      	NEG  R31
000225 95e1      	NEG  R30
000226 40f0      	SBCI R31,0
000227 9508      	RET
                 
                 __DIVW21U:
000228 2400      	CLR  R0
000229 2411      	CLR  R1
00022a e190      	LDI  R25,16
                 __DIVW21U1:
00022b 0faa      	LSL  R26
00022c 1fbb      	ROL  R27
00022d 1c00      	ROL  R0
00022e 1c11      	ROL  R1
00022f 1a0e      	SUB  R0,R30
000230 0a1f      	SBC  R1,R31
000231 f418      	BRCC __DIVW21U2
000232 0e0e      	ADD  R0,R30
000233 1e1f      	ADC  R1,R31
000234 c001      	RJMP __DIVW21U3
                 __DIVW21U2:
000235 60a1      	SBR  R26,1
                 __DIVW21U3:
000236 959a      	DEC  R25
000237 f799      	BRNE __DIVW21U1
000238 01fd      	MOVW R30,R26
000239 01d0      	MOVW R26,R0
00023a 9508      	RET
                 
                 __DIVW21:
00023b d012      	RCALL __CHKSIGNW
00023c dfeb      	RCALL __DIVW21U
00023d f40e      	BRTC __DIVW211
00023e dfe5      	RCALL __ANEGW1
                 __DIVW211:
00023f 9508      	RET
                 
                 __MODW21:
000240 94e8      	CLT
000241 ffb7      	SBRS R27,7
000242 c004      	RJMP __MODW211
000243 95b1      	NEG  R27
000244 95a1      	NEG  R26
000245 40b0      	SBCI R27,0
000246 9468      	SET
                 __MODW211:
000247 fdf7      	SBRC R31,7
000248 dfdb      	RCALL __ANEGW1
000249 dfde      	RCALL __DIVW21U
00024a 01fd      	MOVW R30,R26
00024b f40e      	BRTC __MODW212
00024c dfd7      	RCALL __ANEGW1
                 __MODW212:
00024d 9508      	RET
                 
                 __CHKSIGNW:
00024e 94e8      	CLT
00024f fff7      	SBRS R31,7
000250 c002      	RJMP __CHKSW1
000251 dfd2      	RCALL __ANEGW1
000252 9468      	SET
                 __CHKSW1:
000253 ffb7      	SBRS R27,7
000254 c006      	RJMP __CHKSW2
000255 95b1      	NEG  R27
000256 95a1      	NEG  R26
000257 40b0      	SBCI R27,0
000258 f800      	BLD  R0,0
000259 9403      	INC  R0
00025a fa00      	BST  R0,0
                 __CHKSW2:
00025b 9508      	RET
                 
                 ;END OF CODE MARKER
                 __END_OF_CODE:


RESOURCE USE INFORMATION
------------------------

Notice:
The register and instruction counts are symbol table hit counts,
and hence implicitly used resources are not counted, eg, the
'lpm' instruction without operands implicitly uses r0 and z,
none of which are counted.

x,y,z are separate entities in the symbol table and are
counted separately from r26..r31 here.

.dseg memory usage only counts static data declared with .byte

ATmega164 register use summary:
r0 :  14 r1 :   7 r2 :   0 r3 :   3 r4 :   3 r5 :   6 r6 :   3 r7 :   4 
r8 :   1 r9 :   4 r10:   2 r11:  11 r12:   4 r13:   0 r14:  11 r15:   0 
r16:   6 r17:  11 r18:   0 r19:   0 r20:   0 r21:   0 r22:   2 r23:   0 
r24:   7 r25:   6 r26:  22 r27:  19 r28:   1 r29:   1 r30: 150 r31:  19 
x  :   4 y  :  22 z  :   8 
Registers used: 27 out of 35 (77.1%)

ATmega164 instruction use summary:
.lds  :   0 .lds.l:   0 .sts  :   0 .sts.l:   0 adc   :   1 add   :   5 
adiw  :   0 and   :   0 andi  :   0 asr   :   0 bclr  :   0 bld   :   1 
brbc  :   0 brbs  :   0 brcc  :   1 brcs  :   0 break :   0 breq  :   1 
brge  :   0 brhc  :   0 brhs  :   0 brid  :   0 brie  :   0 brlo  :   0 
brlt  :   0 brmi  :   0 brne  :  29 brpl  :   0 brsh  :   2 brtc  :   2 
brts  :   0 brvc  :   0 brvs  :   0 bset  :   0 bst   :   1 call  :   0 
cbi   :  59 cbr   :   0 clc   :   0 clh   :   0 cli   :   1 cln   :   0 
clr   :  15 cls   :   0 clt   :   2 clv   :   0 clz   :   0 com   :   0 
cp    :  20 cpc   :   0 cpi   :   0 cpse  :   0 dec   :   2 des   :   0 
eor   :   0 fmul  :   0 fmuls :   0 fmulsu:   0 icall :   0 ijmp  :   0 
in    :   1 inc   :   7 jmp   :  32 ld    :  12 ldd   :   0 ldi   :  67 
lds   :   0 lpm   :   7 lsl   :   1 lsr   :   0 mov   :  17 movw  :   7 
mul   :   0 muls  :   0 mulsu :   0 neg   :   6 nop   :   0 or    :   0 
ori   :   0 out   :  24 pop   :   0 push  :   0 rcall :  29 ret   :  14 
reti  :   1 rjmp  :  39 rol   :   3 ror   :   0 sbc   :   1 sbci  :   5 
sbi   :  47 sbic  :   2 sbis  :   5 sbiw  :   6 sbr   :   1 sbrc  :   1 
sbrs  :   3 sec   :   0 seh   :   0 sei   :   1 sen   :   0 ser   :   0 
ses   :   0 set   :   2 sev   :   0 sez   :   0 sleep :   0 spm   :   0 
st    :  15 std   :   0 sts   :  29 sub   :   1 subi  :   3 swap  :   0 
tst   :   3 wdr   :   0 
Instructions used: 47 out of 116 (40.5%)

ATmega164 memory use summary [bytes]:
Segment   Begin    End      Code   Data   Used    Size   Use%
---------------------------------------------------------------
[.cseg] 0x000000 0x0004b8   1190     18   1208   16384   7.4%
[.dseg] 0x000100 0x000218      0     24     24    1024   2.3%
[.eseg] 0x000000 0x000000      0      0      0     512   0.0%

Assembly complete, 0 errors, 11 warnings
